[2020-03-29 23:03:11.112] [renderer1] [error] Error: [File Watcher (nsfw)] Inotify limit reached (ENOSPC)
[2020-03-29 23:03:11.132] [renderer1] [error] [File Watcher (nsfw)] Inotify limit reached (ENOSPC)
[2020-03-29 23:18:21.917] [renderer1] [error] Error: [File Watcher (node.js)] Failed to watch /home/hcalderon/Documents/LoopBack/api-hotel/.vscode for changes using fs.watch() (Error: ENOSPC: System limit for number of file watchers reached, watch '/home/hcalderon/Documents/LoopBack/api-hotel/.vscode')
[2020-03-29 23:18:21.949] [renderer1] [error] [File Watcher (node.js)] Failed to watch /home/hcalderon/Documents/LoopBack/api-hotel/.vscode for changes using fs.watch() (Error: ENOSPC: System limit for number of file watchers reached, watch '/home/hcalderon/Documents/LoopBack/api-hotel/.vscode')
[2020-03-30 00:04:52.468] [renderer1] [error] <semantic> TypeScript Server Error (3.7.5)
Cannot read property '2' of undefined
TypeError: Cannot read property '2' of undefined
    at getTypeArgumentConstraint (tsserver.js:58822:73)
    at Object.getTypeArgumentConstraint (tsserver.js:33365:32)
    at getStringLiteralCompletionEntries (tsserver.js:105575:104)
    at Object.getStringLiteralCompletions (tsserver.js:105493:59)
    at Object.getCompletionsAtPosition (tsserver.js:106200:67)
    at Proxy.getCompletionsAtPosition (tsserver.js:130808:35)
    at IOSession.Session.getCompletions (tsserver.js:140445:64)
    at Session.handlers.ts.createMapFromTemplate._a.<computed> (tsserver.js:139425:61)
    at tsserver.js:140960:88
    at IOSession.Session.executeWithRequestId (tsserver.js:140951:28)
    at IOSession.Session.executeCommand (tsserver.js:140960:33)
    at IOSession.Session.onMessage (tsserver.js:140983:35)
    at Interface.<anonymous> (tsserver.js:142298:27)
    at Interface.emit (events.js:200:13)
    at Interface._onLine (readline.js:314:10)
    at Interface._normalWrite (readline.js:459:12)
    at Socket.ondata (readline.js:170:10)
    at Socket.emit (events.js:200:13)
    at addChunk (_stream_readable.js:294:12)
    at readableAddChunk (_stream_readable.js:275:11)
    at Socket.Readable.push (_stream_readable.js:210:10)
    at Pipe.onStreamRead (internal/stream_base_commons.js:166:17): Error: <semantic> TypeScript Server Error (3.7.5)
Cannot read property '2' of undefined
TypeError: Cannot read property '2' of undefined
    at getTypeArgumentConstraint (tsserver.js:58822:73)
    at Object.getTypeArgumentConstraint (tsserver.js:33365:32)
    at getStringLiteralCompletionEntries (tsserver.js:105575:104)
    at Object.getStringLiteralCompletions (tsserver.js:105493:59)
    at Object.getCompletionsAtPosition (tsserver.js:106200:67)
    at Proxy.getCompletionsAtPosition (tsserver.js:130808:35)
    at IOSession.Session.getCompletions (tsserver.js:140445:64)
    at Session.handlers.ts.createMapFromTemplate._a.<computed> (tsserver.js:139425:61)
    at tsserver.js:140960:88
    at IOSession.Session.executeWithRequestId (tsserver.js:140951:28)
    at IOSession.Session.executeCommand (tsserver.js:140960:33)
    at IOSession.Session.onMessage (tsserver.js:140983:35)
    at Interface.<anonymous> (tsserver.js:142298:27)
    at Interface.emit (events.js:200:13)
    at Interface._onLine (readline.js:314:10)
    at Interface._normalWrite (readline.js:459:12)
    at Socket.ondata (readline.js:170:10)
    at Socket.emit (events.js:200:13)
    at addChunk (_stream_readable.js:294:12)
    at readableAddChunk (_stream_readable.js:275:11)
    at Socket.Readable.push (_stream_readable.js:210:10)
    at Pipe.onStreamRead (internal/stream_base_commons.js:166:17)
	at Function.create (/usr/share/code/resources/app/extensions/typescript-language-features/dist/extension.js:1:49149)
	at h.dispatchResponse (/usr/share/code/resources/app/extensions/typescript-language-features/dist/extension.js:1:213785)
	at h.dispatchMessage (/usr/share/code/resources/app/extensions/typescript-language-features/dist/extension.js:1:212703)
	at /usr/share/code/resources/app/extensions/typescript-language-features/dist/extension.js:1:212179
	at l.fire (/usr/share/code/resources/app/out/vs/workbench/services/extensions/node/extensionHostProcess.js:48:541)
	at t.Reader.onLengthData (/usr/share/code/resources/app/extensions/typescript-language-features/dist/extension.js:1:219256)
	at Socket.<anonymous> (/usr/share/code/resources/app/extensions/typescript-language-features/dist/extension.js:1:218904)
	at Socket.emit (events.js:200:13)
	at addChunk (_stream_readable.js:294:12)
	at readableAddChunk (_stream_readable.js:275:11)
	at Socket.Readable.push (_stream_readable.js:210:10)
	at Pipe.onStreamRead (internal/stream_base_commons.js:166:17)
[2020-03-30 00:04:54.939] [renderer1] [error] <semantic> TypeScript Server Error (3.7.5)
Cannot read property '2' of undefined
TypeError: Cannot read property '2' of undefined
    at getTypeArgumentConstraint (tsserver.js:58822:73)
    at Object.getTypeArgumentConstraint (tsserver.js:33365:32)
    at getStringLiteralCompletionEntries (tsserver.js:105575:104)
    at Object.getStringLiteralCompletions (tsserver.js:105493:59)
    at Object.getCompletionsAtPosition (tsserver.js:106200:67)
    at Proxy.getCompletionsAtPosition (tsserver.js:130808:35)
    at IOSession.Session.getCompletions (tsserver.js:140445:64)
    at Session.handlers.ts.createMapFromTemplate._a.<computed> (tsserver.js:139425:61)
    at tsserver.js:140960:88
    at IOSession.Session.executeWithRequestId (tsserver.js:140951:28)
    at IOSession.Session.executeCommand (tsserver.js:140960:33)
    at IOSession.Session.onMessage (tsserver.js:140983:35)
    at Interface.<anonymous> (tsserver.js:142298:27)
    at Interface.emit (events.js:200:13)
    at Interface._onLine (readline.js:314:10)
    at Interface._normalWrite (readline.js:459:12)
    at Socket.ondata (readline.js:170:10)
    at Socket.emit (events.js:200:13)
    at addChunk (_stream_readable.js:294:12)
    at readableAddChunk (_stream_readable.js:275:11)
    at Socket.Readable.push (_stream_readable.js:210:10)
    at Pipe.onStreamRead (internal/stream_base_commons.js:166:17): Error: <semantic> TypeScript Server Error (3.7.5)
Cannot read property '2' of undefined
TypeError: Cannot read property '2' of undefined
    at getTypeArgumentConstraint (tsserver.js:58822:73)
    at Object.getTypeArgumentConstraint (tsserver.js:33365:32)
    at getStringLiteralCompletionEntries (tsserver.js:105575:104)
    at Object.getStringLiteralCompletions (tsserver.js:105493:59)
    at Object.getCompletionsAtPosition (tsserver.js:106200:67)
    at Proxy.getCompletionsAtPosition (tsserver.js:130808:35)
    at IOSession.Session.getCompletions (tsserver.js:140445:64)
    at Session.handlers.ts.createMapFromTemplate._a.<computed> (tsserver.js:139425:61)
    at tsserver.js:140960:88
    at IOSession.Session.executeWithRequestId (tsserver.js:140951:28)
    at IOSession.Session.executeCommand (tsserver.js:140960:33)
    at IOSession.Session.onMessage (tsserver.js:140983:35)
    at Interface.<anonymous> (tsserver.js:142298:27)
    at Interface.emit (events.js:200:13)
    at Interface._onLine (readline.js:314:10)
    at Interface._normalWrite (readline.js:459:12)
    at Socket.ondata (readline.js:170:10)
    at Socket.emit (events.js:200:13)
    at addChunk (_stream_readable.js:294:12)
    at readableAddChunk (_stream_readable.js:275:11)
    at Socket.Readable.push (_stream_readable.js:210:10)
    at Pipe.onStreamRead (internal/stream_base_commons.js:166:17)
	at Function.create (/usr/share/code/resources/app/extensions/typescript-language-features/dist/extension.js:1:49149)
	at h.dispatchResponse (/usr/share/code/resources/app/extensions/typescript-language-features/dist/extension.js:1:213785)
	at h.dispatchMessage (/usr/share/code/resources/app/extensions/typescript-language-features/dist/extension.js:1:212703)
	at /usr/share/code/resources/app/extensions/typescript-language-features/dist/extension.js:1:212179
	at l.fire (/usr/share/code/resources/app/out/vs/workbench/services/extensions/node/extensionHostProcess.js:48:541)
	at t.Reader.onLengthData (/usr/share/code/resources/app/extensions/typescript-language-features/dist/extension.js:1:219256)
	at Socket.<anonymous> (/usr/share/code/resources/app/extensions/typescript-language-features/dist/extension.js:1:218904)
	at Socket.emit (events.js:200:13)
	at addChunk (_stream_readable.js:294:12)
	at readableAddChunk (_stream_readable.js:275:11)
	at Socket.Readable.push (_stream_readable.js:210:10)
	at Pipe.onStreamRead (internal/stream_base_commons.js:166:17)
[2020-03-30 00:05:00.596] [renderer1] [error] <semantic> TypeScript Server Error (3.7.5)
Cannot read property '2' of undefined
TypeError: Cannot read property '2' of undefined
    at getTypeArgumentConstraint (tsserver.js:58822:73)
    at Object.getTypeArgumentConstraint (tsserver.js:33365:32)
    at getStringLiteralCompletionEntries (tsserver.js:105575:104)
    at Object.getStringLiteralCompletions (tsserver.js:105493:59)
    at Object.getCompletionsAtPosition (tsserver.js:106200:67)
    at Proxy.getCompletionsAtPosition (tsserver.js:130808:35)
    at IOSession.Session.getCompletions (tsserver.js:140445:64)
    at Session.handlers.ts.createMapFromTemplate._a.<computed> (tsserver.js:139425:61)
    at tsserver.js:140960:88
    at IOSession.Session.executeWithRequestId (tsserver.js:140951:28)
    at IOSession.Session.executeCommand (tsserver.js:140960:33)
    at IOSession.Session.onMessage (tsserver.js:140983:35)
    at Interface.<anonymous> (tsserver.js:142298:27)
    at Interface.emit (events.js:200:13)
    at Interface._onLine (readline.js:314:10)
    at Interface._normalWrite (readline.js:459:12)
    at Socket.ondata (readline.js:170:10)
    at Socket.emit (events.js:200:13)
    at addChunk (_stream_readable.js:294:12)
    at readableAddChunk (_stream_readable.js:275:11)
    at Socket.Readable.push (_stream_readable.js:210:10)
    at Pipe.onStreamRead (internal/stream_base_commons.js:166:17): Error: <semantic> TypeScript Server Error (3.7.5)
Cannot read property '2' of undefined
TypeError: Cannot read property '2' of undefined
    at getTypeArgumentConstraint (tsserver.js:58822:73)
    at Object.getTypeArgumentConstraint (tsserver.js:33365:32)
    at getStringLiteralCompletionEntries (tsserver.js:105575:104)
    at Object.getStringLiteralCompletions (tsserver.js:105493:59)
    at Object.getCompletionsAtPosition (tsserver.js:106200:67)
    at Proxy.getCompletionsAtPosition (tsserver.js:130808:35)
    at IOSession.Session.getCompletions (tsserver.js:140445:64)
    at Session.handlers.ts.createMapFromTemplate._a.<computed> (tsserver.js:139425:61)
    at tsserver.js:140960:88
    at IOSession.Session.executeWithRequestId (tsserver.js:140951:28)
    at IOSession.Session.executeCommand (tsserver.js:140960:33)
    at IOSession.Session.onMessage (tsserver.js:140983:35)
    at Interface.<anonymous> (tsserver.js:142298:27)
    at Interface.emit (events.js:200:13)
    at Interface._onLine (readline.js:314:10)
    at Interface._normalWrite (readline.js:459:12)
    at Socket.ondata (readline.js:170:10)
    at Socket.emit (events.js:200:13)
    at addChunk (_stream_readable.js:294:12)
    at readableAddChunk (_stream_readable.js:275:11)
    at Socket.Readable.push (_stream_readable.js:210:10)
    at Pipe.onStreamRead (internal/stream_base_commons.js:166:17)
	at Function.create (/usr/share/code/resources/app/extensions/typescript-language-features/dist/extension.js:1:49149)
	at h.dispatchResponse (/usr/share/code/resources/app/extensions/typescript-language-features/dist/extension.js:1:213785)
	at h.dispatchMessage (/usr/share/code/resources/app/extensions/typescript-language-features/dist/extension.js:1:212703)
	at /usr/share/code/resources/app/extensions/typescript-language-features/dist/extension.js:1:212179
	at l.fire (/usr/share/code/resources/app/out/vs/workbench/services/extensions/node/extensionHostProcess.js:48:541)
	at t.Reader.onLengthData (/usr/share/code/resources/app/extensions/typescript-language-features/dist/extension.js:1:219256)
	at Socket.<anonymous> (/usr/share/code/resources/app/extensions/typescript-language-features/dist/extension.js:1:218904)
	at Socket.emit (events.js:200:13)
	at addChunk (_stream_readable.js:294:12)
	at readableAddChunk (_stream_readable.js:275:11)
	at Socket.Readable.push (_stream_readable.js:210:10)
	at Pipe.onStreamRead (internal/stream_base_commons.js:166:17)
[2020-03-30 00:05:02.660] [renderer1] [error] <semantic> TypeScript Server Error (3.7.5)
Cannot read property '2' of undefined
TypeError: Cannot read property '2' of undefined
    at getTypeArgumentConstraint (tsserver.js:58822:73)
    at Object.getTypeArgumentConstraint (tsserver.js:33365:32)
    at getStringLiteralCompletionEntries (tsserver.js:105575:104)
    at Object.getStringLiteralCompletions (tsserver.js:105493:59)
    at Object.getCompletionsAtPosition (tsserver.js:106200:67)
    at Proxy.getCompletionsAtPosition (tsserver.js:130808:35)
    at IOSession.Session.getCompletions (tsserver.js:140445:64)
    at Session.handlers.ts.createMapFromTemplate._a.<computed> (tsserver.js:139425:61)
    at tsserver.js:140960:88
    at IOSession.Session.executeWithRequestId (tsserver.js:140951:28)
    at IOSession.Session.executeCommand (tsserver.js:140960:33)
    at IOSession.Session.onMessage (tsserver.js:140983:35)
    at Interface.<anonymous> (tsserver.js:142298:27)
    at Interface.emit (events.js:200:13)
    at Interface._onLine (readline.js:314:10)
    at Interface._normalWrite (readline.js:459:12)
    at Socket.ondata (readline.js:170:10)
    at Socket.emit (events.js:200:13)
    at addChunk (_stream_readable.js:294:12)
    at readableAddChunk (_stream_readable.js:275:11)
    at Socket.Readable.push (_stream_readable.js:210:10)
    at Pipe.onStreamRead (internal/stream_base_commons.js:166:17): Error: <semantic> TypeScript Server Error (3.7.5)
Cannot read property '2' of undefined
TypeError: Cannot read property '2' of undefined
    at getTypeArgumentConstraint (tsserver.js:58822:73)
    at Object.getTypeArgumentConstraint (tsserver.js:33365:32)
    at getStringLiteralCompletionEntries (tsserver.js:105575:104)
    at Object.getStringLiteralCompletions (tsserver.js:105493:59)
    at Object.getCompletionsAtPosition (tsserver.js:106200:67)
    at Proxy.getCompletionsAtPosition (tsserver.js:130808:35)
    at IOSession.Session.getCompletions (tsserver.js:140445:64)
    at Session.handlers.ts.createMapFromTemplate._a.<computed> (tsserver.js:139425:61)
    at tsserver.js:140960:88
    at IOSession.Session.executeWithRequestId (tsserver.js:140951:28)
    at IOSession.Session.executeCommand (tsserver.js:140960:33)
    at IOSession.Session.onMessage (tsserver.js:140983:35)
    at Interface.<anonymous> (tsserver.js:142298:27)
    at Interface.emit (events.js:200:13)
    at Interface._onLine (readline.js:314:10)
    at Interface._normalWrite (readline.js:459:12)
    at Socket.ondata (readline.js:170:10)
    at Socket.emit (events.js:200:13)
    at addChunk (_stream_readable.js:294:12)
    at readableAddChunk (_stream_readable.js:275:11)
    at Socket.Readable.push (_stream_readable.js:210:10)
    at Pipe.onStreamRead (internal/stream_base_commons.js:166:17)
	at Function.create (/usr/share/code/resources/app/extensions/typescript-language-features/dist/extension.js:1:49149)
	at h.dispatchResponse (/usr/share/code/resources/app/extensions/typescript-language-features/dist/extension.js:1:213785)
	at h.dispatchMessage (/usr/share/code/resources/app/extensions/typescript-language-features/dist/extension.js:1:212703)
	at /usr/share/code/resources/app/extensions/typescript-language-features/dist/extension.js:1:212179
	at l.fire (/usr/share/code/resources/app/out/vs/workbench/services/extensions/node/extensionHostProcess.js:48:541)
	at t.Reader.onLengthData (/usr/share/code/resources/app/extensions/typescript-language-features/dist/extension.js:1:219256)
	at Socket.<anonymous> (/usr/share/code/resources/app/extensions/typescript-language-features/dist/extension.js:1:218904)
	at Socket.emit (events.js:200:13)
	at addChunk (_stream_readable.js:294:12)
	at readableAddChunk (_stream_readable.js:275:11)
	at Socket.Readable.push (_stream_readable.js:210:10)
	at Pipe.onStreamRead (internal/stream_base_commons.js:166:17)
