Looking for git in: git
Using git 2.7.4 from git
> git rev-parse --show-toplevel
> git rev-parse --git-dir
Open repository: /home/hcalderon/Documents/Angular/hoteleria
> git status -z -u
> git symbolic-ref --short HEAD
> git rev-parse master
> git rev-parse --symbolic-full-name master@{u}
fatal: no upstream configured for branch 'master'
> git for-each-ref --format %(refname) %(objectname) --sort -committerdate
> git remote --verbose
> git config --get commit.template
> git check-ignore -v -z --stdin
> git status -z -u
> git symbolic-ref --short HEAD
> git rev-parse master
> git rev-parse --symbolic-full-name master@{u}
fatal: no upstream configured for branch 'master'
> git for-each-ref --format %(refname) %(objectname) --sort -committerdate
> git remote --verbose
> git config --get commit.template
> git check-ignore -v -z --stdin
> git check-ignore -v -z --stdin
> git show :src/app/admin/modulo/crear-modulo/crear-modulo.component.html
> git ls-files --stage -- /home/hcalderon/Documents/Angular/hoteleria/src/app/admin/modulo/crear-modulo/crear-modulo.component.html
> git cat-file -s 09552cf95c6d9c9494274898fb2125205ad1fa4c
> git check-ignore -v -z --stdin
> git check-ignore -v -z --stdin
> git show :src/app/admin/habitacion/crear-habitacion/crear-habitacion.component.html
> git ls-files --stage -- /home/hcalderon/Documents/Angular/hoteleria/src/app/admin/habitacion/crear-habitacion/crear-habitacion.component.html
> git cat-file -s bf4a9328a3bffdcc558dfe364810c769f6c8e52c
> git show :src/app/admin/habitacion/crear-habitacion/crear-habitacion.component.ts
> git ls-files --stage -- /home/hcalderon/Documents/Angular/hoteleria/src/app/admin/habitacion/crear-habitacion/crear-habitacion.component.ts
> git cat-file -s f4518b2575e5fde6bb1c2b3de8224f88bbd071b8
> git status -z -u
> git symbolic-ref --short HEAD
> git rev-parse master
> git rev-parse --symbolic-full-name master@{u}
fatal: no upstream configured for branch 'master'
> git for-each-ref --format %(refname) %(objectname) --sort -committerdate
> git remote --verbose
> git config --get commit.template
> git ls-files --stage -- /home/hcalderon/Documents/Angular/hoteleria/src/app/admin/habitacion/crear-habitacion/crear-habitacion.component.ts
> git cat-file -s f4518b2575e5fde6bb1c2b3de8224f88bbd071b8
> git show :src/app/admin/habitacion/crear-habitacion/crear-habitacion.component.ts
> git status -z -u
> git symbolic-ref --short HEAD
> git rev-parse master
> git rev-parse --symbolic-full-name master@{u}
fatal: no upstream configured for branch 'master'
> git for-each-ref --format %(refname) %(objectname) --sort -committerdate
> git remote --verbose
> git config --get commit.template
> git show :src/app/admin/habitacion/crear-habitacion/crear-habitacion.component.html
> git ls-files --stage -- /home/hcalderon/Documents/Angular/hoteleria/src/app/admin/habitacion/crear-habitacion/crear-habitacion.component.html
> git cat-file -s bf4a9328a3bffdcc558dfe364810c769f6c8e52c
> git show :src/app/admin/habitacion/crear-habitacion/crear-habitacion.component.ts
> git ls-files --stage -- /home/hcalderon/Documents/Angular/hoteleria/src/app/admin/habitacion/crear-habitacion/crear-habitacion.component.ts
> git cat-file -s f4518b2575e5fde6bb1c2b3de8224f88bbd071b8
> git status -z -u
> git symbolic-ref --short HEAD
> git rev-parse master
> git rev-parse --symbolic-full-name master@{u}
fatal: no upstream configured for branch 'master'
> git for-each-ref --format %(refname) %(objectname) --sort -committerdate
> git remote --verbose
> git config --get commit.template
> git show :src/app/admin/habitacion/crear-habitacion/crear-habitacion.component.html
> git ls-files --stage -- /home/hcalderon/Documents/Angular/hoteleria/src/app/admin/habitacion/crear-habitacion/crear-habitacion.component.html
> git cat-file -s bf4a9328a3bffdcc558dfe364810c769f6c8e52c
> git status -z -u
> git symbolic-ref --short HEAD
> git rev-parse master
> git rev-parse --symbolic-full-name master@{u}
fatal: no upstream configured for branch 'master'
> git for-each-ref --format %(refname) %(objectname) --sort -committerdate
> git remote --verbose
> git config --get commit.template
> git show :src/app/admin/habitacion/crear-habitacion/crear-habitacion.component.ts
> git ls-files --stage -- /home/hcalderon/Documents/Angular/hoteleria/src/app/admin/habitacion/crear-habitacion/crear-habitacion.component.ts
> git cat-file -s f4518b2575e5fde6bb1c2b3de8224f88bbd071b8
> git status -z -u
> git symbolic-ref --short HEAD
> git rev-parse master
> git rev-parse --symbolic-full-name master@{u}
fatal: no upstream configured for branch 'master'
> git for-each-ref --format %(refname) %(objectname) --sort -committerdate
> git remote --verbose
> git config --get commit.template
> git show :src/app/admin/habitacion/crear-habitacion/crear-habitacion.component.html
> git ls-files --stage -- /home/hcalderon/Documents/Angular/hoteleria/src/app/admin/habitacion/crear-habitacion/crear-habitacion.component.html
> git cat-file -s bf4a9328a3bffdcc558dfe364810c769f6c8e52c
> git status -z -u
> git symbolic-ref --short HEAD
> git rev-parse master
> git rev-parse --symbolic-full-name master@{u}
fatal: no upstream configured for branch 'master'
> git for-each-ref --format %(refname) %(objectname) --sort -committerdate
> git remote --verbose
> git config --get commit.template
> git show :src/app/admin/habitacion/crear-habitacion/crear-habitacion.component.ts
> git ls-files --stage -- /home/hcalderon/Documents/Angular/hoteleria/src/app/admin/habitacion/crear-habitacion/crear-habitacion.component.ts
> git cat-file -s f4518b2575e5fde6bb1c2b3de8224f88bbd071b8
> git show :src/app/admin/habitacion/crear-habitacion/crear-habitacion.component.html
> git ls-files --stage -- /home/hcalderon/Documents/Angular/hoteleria/src/app/admin/habitacion/crear-habitacion/crear-habitacion.component.html
> git cat-file -s bf4a9328a3bffdcc558dfe364810c769f6c8e52c
> git show :src/app/admin/habitacion/crear-habitacion/crear-habitacion.component.ts
> git ls-files --stage -- /home/hcalderon/Documents/Angular/hoteleria/src/app/admin/habitacion/crear-habitacion/crear-habitacion.component.ts
> git cat-file -s f4518b2575e5fde6bb1c2b3de8224f88bbd071b8
> git status -z -u
> git symbolic-ref --short HEAD
> git rev-parse master
> git rev-parse --symbolic-full-name master@{u}
fatal: no upstream configured for branch 'master'
> git for-each-ref --format %(refname) %(objectname) --sort -committerdate
> git remote --verbose
> git config --get commit.template
> git show :src/app/admin/habitacion/crear-habitacion/crear-habitacion.component.html
> git ls-files --stage -- /home/hcalderon/Documents/Angular/hoteleria/src/app/admin/habitacion/crear-habitacion/crear-habitacion.component.html
> git cat-file -s bf4a9328a3bffdcc558dfe364810c769f6c8e52c
> git show :src/app/admin/habitacion/crear-habitacion/crear-habitacion.component.ts
> git ls-files --stage -- /home/hcalderon/Documents/Angular/hoteleria/src/app/admin/habitacion/crear-habitacion/crear-habitacion.component.ts
> git cat-file -s f4518b2575e5fde6bb1c2b3de8224f88bbd071b8
> git status -z -u
> git symbolic-ref --short HEAD
> git rev-parse master
> git rev-parse --symbolic-full-name master@{u}
fatal: no upstream configured for branch 'master'
> git for-each-ref --format %(refname) %(objectname) --sort -committerdate
> git remote --verbose
> git config --get commit.template
> git check-ignore -v -z --stdin
> git check-ignore -v -z --stdin
> git show :src/app/admin/compras/crear-compras/crear-compras.component.html
> git ls-files --stage -- /home/hcalderon/Documents/Angular/hoteleria/src/app/admin/compras/crear-compras/crear-compras.component.html
> git cat-file -s d3579f8b5007bb96403d58e9cc27ec4941665886
> git check-ignore -v -z --stdin
> git show :src/app/admin/dashboard/dashboard.component.html
> git ls-files --stage -- /home/hcalderon/Documents/Angular/hoteleria/src/app/admin/dashboard/dashboard.component.html
> git cat-file -s d14957c72a8b8262d31953e268002c36fb4f4c6b
> git show :src/app/admin/compras/crear-compras/crear-compras.component.html
> git ls-files --stage -- /home/hcalderon/Documents/Angular/hoteleria/src/app/admin/compras/crear-compras/crear-compras.component.html
> git cat-file -s d3579f8b5007bb96403d58e9cc27ec4941665886
> git status -z -u
> git symbolic-ref --short HEAD
> git rev-parse master
> git rev-parse --symbolic-full-name master@{u}
fatal: no upstream configured for branch 'master'
> git for-each-ref --format %(refname) %(objectname) --sort -committerdate
> git remote --verbose
> git config --get commit.template
> git check-ignore -v -z --stdin
> git check-ignore -v -z --stdin
> git show :src/styles.css
> git ls-files --stage -- /home/hcalderon/Documents/Angular/hoteleria/src/styles.css
> git cat-file -s 1b17d7a73596b2eb3d300e909ea9efb912aed723
> git status -z -u
> git symbolic-ref --short HEAD
> git rev-parse master
> git rev-parse --symbolic-full-name master@{u}
fatal: no upstream configured for branch 'master'
> git for-each-ref --format %(refname) %(objectname) --sort -committerdate
> git remote --verbose
> git config --get commit.template
> git show :src/app/admin/compras/crear-compras/crear-compras.component.html
> git ls-files --stage -- /home/hcalderon/Documents/Angular/hoteleria/src/app/admin/compras/crear-compras/crear-compras.component.html
> git cat-file -s d3579f8b5007bb96403d58e9cc27ec4941665886
> git check-ignore -v -z --stdin
> git show :src/app/admin/compras/compras.component.ts
> git ls-files --stage -- /home/hcalderon/Documents/Angular/hoteleria/src/app/admin/compras/compras.component.ts
> git cat-file -s e0bc2303649c605b87c47ab192e12a7492f9cf63
> git show :src/app/admin/compras/compras.component.html
> git ls-files --stage -- /home/hcalderon/Documents/Angular/hoteleria/src/app/admin/compras/compras.component.html
> git cat-file -s 68ba076bb61b3762ab8fdeb7771877dfaebc2567
> git status -z -u
> git symbolic-ref --short HEAD
> git rev-parse master
> git rev-parse --symbolic-full-name master@{u}
fatal: no upstream configured for branch 'master'
> git for-each-ref --format %(refname) %(objectname) --sort -committerdate
> git remote --verbose
> git config --get commit.template
> git status -z -u
> git symbolic-ref --short HEAD
> git rev-parse master
> git rev-parse --symbolic-full-name master@{u}
fatal: no upstream configured for branch 'master'
> git for-each-ref --format %(refname) %(objectname) --sort -committerdate
> git remote --verbose
> git config --get commit.template
> git status -z -u
> git symbolic-ref --short HEAD
> git rev-parse master
> git rev-parse --symbolic-full-name master@{u}
fatal: no upstream configured for branch 'master'
> git for-each-ref --format %(refname) %(objectname) --sort -committerdate
> git remote --verbose
> git config --get commit.template
> git status -z -u
> git symbolic-ref --short HEAD
> git rev-parse master
> git rev-parse --symbolic-full-name master@{u}
fatal: no upstream configured for branch 'master'
> git for-each-ref --format %(refname) %(objectname) --sort -committerdate
> git remote --verbose
> git config --get commit.template
> git status -z -u
> git symbolic-ref --short HEAD
> git rev-parse master
> git rev-parse --symbolic-full-name master@{u}
fatal: no upstream configured for branch 'master'
> git for-each-ref --format %(refname) %(objectname) --sort -committerdate
> git remote --verbose
> git config --get commit.template
> git status -z -u
> git symbolic-ref --short HEAD
> git rev-parse master
> git rev-parse --symbolic-full-name master@{u}
fatal: no upstream configured for branch 'master'
> git for-each-ref --format %(refname) %(objectname) --sort -committerdate
> git remote --verbose
> git config --get commit.template
> git show :src/app/admin/compras/crear-compras/crear-compras.component.html
> git ls-files --stage -- /home/hcalderon/Documents/Angular/hoteleria/src/app/admin/compras/crear-compras/crear-compras.component.html
> git cat-file -s d3579f8b5007bb96403d58e9cc27ec4941665886
> git status -z -u
> git symbolic-ref --short HEAD
> git rev-parse master
> git rev-parse --symbolic-full-name master@{u}
fatal: no upstream configured for branch 'master'
> git for-each-ref --format %(refname) %(objectname) --sort -committerdate
> git remote --verbose
> git config --get commit.template
> git status -z -u
> git symbolic-ref --short HEAD
> git rev-parse master
> git rev-parse --symbolic-full-name master@{u}
fatal: no upstream configured for branch 'master'
> git for-each-ref --format %(refname) %(objectname) --sort -committerdate
> git remote --verbose
> git config --get commit.template
> git show :src/app/admin/habitacion/crear-habitacion/crear-habitacion.component.ts
> git ls-files --stage -- /home/hcalderon/Documents/Angular/hoteleria/src/app/admin/habitacion/crear-habitacion/crear-habitacion.component.ts
> git cat-file -s f4518b2575e5fde6bb1c2b3de8224f88bbd071b8
> git show :src/app/admin/habitacion/crear-habitacion/crear-habitacion.component.html
> git ls-files --stage -- /home/hcalderon/Documents/Angular/hoteleria/src/app/admin/habitacion/crear-habitacion/crear-habitacion.component.html
> git cat-file -s bf4a9328a3bffdcc558dfe364810c769f6c8e52c
> git show :src/app/admin/habitacion/crear-habitacion/crear-habitacion.component.ts
> git ls-files --stage -- /home/hcalderon/Documents/Angular/hoteleria/src/app/admin/habitacion/crear-habitacion/crear-habitacion.component.ts
> git cat-file -s f4518b2575e5fde6bb1c2b3de8224f88bbd071b8
> git check-ignore -v -z --stdin
> git show :src/app/admin/compras/listar-compras/listar-compras.component.html
> git ls-files --stage -- /home/hcalderon/Documents/Angular/hoteleria/src/app/admin/compras/listar-compras/listar-compras.component.html
> git cat-file -s 5acbe0168d2b60afcbc7a0c8c4a62f5856072a57
> git status -z -u
> git symbolic-ref --short HEAD
> git rev-parse master
> git rev-parse --symbolic-full-name master@{u}
fatal: no upstream configured for branch 'master'
> git for-each-ref --format %(refname) %(objectname) --sort -committerdate
> git remote --verbose
> git config --get commit.template
> git show :src/app/admin/compras/crear-compras/crear-compras.component.html
> git ls-files --stage -- /home/hcalderon/Documents/Angular/hoteleria/src/app/admin/compras/crear-compras/crear-compras.component.html
> git cat-file -s d3579f8b5007bb96403d58e9cc27ec4941665886
> git show :src/app/admin/compras/listar-compras/listar-compras.component.html
> git ls-files --stage -- /home/hcalderon/Documents/Angular/hoteleria/src/app/admin/compras/listar-compras/listar-compras.component.html
> git cat-file -s 5acbe0168d2b60afcbc7a0c8c4a62f5856072a57
> git show :src/app/admin/habitacion/crear-habitacion/crear-habitacion.component.html
> git ls-files --stage -- /home/hcalderon/Documents/Angular/hoteleria/src/app/admin/habitacion/crear-habitacion/crear-habitacion.component.html
> git cat-file -s bf4a9328a3bffdcc558dfe364810c769f6c8e52c
> git show :src/app/admin/compras/listar-compras/listar-compras.component.html
> git ls-files --stage -- /home/hcalderon/Documents/Angular/hoteleria/src/app/admin/compras/listar-compras/listar-compras.component.html
> git cat-file -s 5acbe0168d2b60afcbc7a0c8c4a62f5856072a57
> git show :src/app/admin/habitacion/crear-habitacion/crear-habitacion.component.html
> git ls-files --stage -- /home/hcalderon/Documents/Angular/hoteleria/src/app/admin/habitacion/crear-habitacion/crear-habitacion.component.html
> git cat-file -s bf4a9328a3bffdcc558dfe364810c769f6c8e52c
> git show :src/app/admin/compras/listar-compras/listar-compras.component.html
> git ls-files --stage -- /home/hcalderon/Documents/Angular/hoteleria/src/app/admin/compras/listar-compras/listar-compras.component.html
> git cat-file -s 5acbe0168d2b60afcbc7a0c8c4a62f5856072a57
> git show :src/app/admin/compras/listar-compras/listar-compras.component.ts
> git ls-files --stage -- /home/hcalderon/Documents/Angular/hoteleria/src/app/admin/compras/listar-compras/listar-compras.component.ts
> git cat-file -s 92393e5275291b7b800c916f63f0120365277736
> git show :src/app/admin/compras/crear-compras/crear-compras.component.ts
> git ls-files --stage -- /home/hcalderon/Documents/Angular/hoteleria/src/app/admin/compras/crear-compras/crear-compras.component.ts
> git cat-file -s 58a607ea4bcc70171351d5ccb1a907d4cbb27b28
> git show :src/app/admin/compras/listar-compras/listar-compras.component.html
> git ls-files --stage -- /home/hcalderon/Documents/Angular/hoteleria/src/app/admin/compras/listar-compras/listar-compras.component.html
> git cat-file -s 5acbe0168d2b60afcbc7a0c8c4a62f5856072a57
> git show :src/app/admin/habitacion/crear-habitacion/crear-habitacion.component.ts
> git ls-files --stage -- /home/hcalderon/Documents/Angular/hoteleria/src/app/admin/habitacion/crear-habitacion/crear-habitacion.component.ts
> git cat-file -s f4518b2575e5fde6bb1c2b3de8224f88bbd071b8
> git show :src/app/admin/habitacion/crear-habitacion/crear-habitacion.component.html
> git ls-files --stage -- /home/hcalderon/Documents/Angular/hoteleria/src/app/admin/habitacion/crear-habitacion/crear-habitacion.component.html
> git cat-file -s bf4a9328a3bffdcc558dfe364810c769f6c8e52c
> git show :src/app/admin/habitacion/crear-habitacion/crear-habitacion.component.ts
> git ls-files --stage -- /home/hcalderon/Documents/Angular/hoteleria/src/app/admin/habitacion/crear-habitacion/crear-habitacion.component.ts
> git cat-file -s f4518b2575e5fde6bb1c2b3de8224f88bbd071b8
> git show :src/app/admin/compras/listar-compras/listar-compras.component.html
> git ls-files --stage -- /home/hcalderon/Documents/Angular/hoteleria/src/app/admin/compras/listar-compras/listar-compras.component.html
> git cat-file -s 5acbe0168d2b60afcbc7a0c8c4a62f5856072a57
> git show :src/app/admin/habitacion/crear-habitacion/crear-habitacion.component.ts
> git ls-files --stage -- /home/hcalderon/Documents/Angular/hoteleria/src/app/admin/habitacion/crear-habitacion/crear-habitacion.component.ts
> git cat-file -s f4518b2575e5fde6bb1c2b3de8224f88bbd071b8
> git show :src/app/admin/compras/listar-compras/listar-compras.component.ts
> git ls-files --stage -- /home/hcalderon/Documents/Angular/hoteleria/src/app/admin/compras/listar-compras/listar-compras.component.ts
> git cat-file -s 92393e5275291b7b800c916f63f0120365277736
> git status -z -u
> git symbolic-ref --short HEAD
> git rev-parse master
> git rev-parse --symbolic-full-name master@{u}
fatal: no upstream configured for branch 'master'
> git for-each-ref --format %(refname) %(objectname) --sort -committerdate
> git remote --verbose
> git config --get commit.template
> git status -z -u
> git symbolic-ref --short HEAD
> git rev-parse master
> git rev-parse --symbolic-full-name master@{u}
fatal: no upstream configured for branch 'master'
> git for-each-ref --format %(refname) %(objectname) --sort -committerdate
> git remote --verbose
> git config --get commit.template
> git status -z -u
> git symbolic-ref --short HEAD
> git rev-parse master
> git rev-parse --symbolic-full-name master@{u}
fatal: no upstream configured for branch 'master'
> git for-each-ref --format %(refname) %(objectname) --sort -committerdate
> git remote --verbose
> git config --get commit.template
> git show :src/app/admin/compras/listar-compras/listar-compras.component.html
> git ls-files --stage -- /home/hcalderon/Documents/Angular/hoteleria/src/app/admin/compras/listar-compras/listar-compras.component.html
> git cat-file -s 5acbe0168d2b60afcbc7a0c8c4a62f5856072a57
> git status -z -u
> git symbolic-ref --short HEAD
> git rev-parse master
> git rev-parse --symbolic-full-name master@{u}
fatal: no upstream configured for branch 'master'
> git for-each-ref --format %(refname) %(objectname) --sort -committerdate
> git remote --verbose
> git config --get commit.template
> git status -z -u
> git symbolic-ref --short HEAD
> git rev-parse master
> git rev-parse --symbolic-full-name master@{u}
fatal: no upstream configured for branch 'master'
> git for-each-ref --format %(refname) %(objectname) --sort -committerdate
> git remote --verbose
> git config --get commit.template
> git status -z -u
> git symbolic-ref --short HEAD
> git rev-parse master
> git rev-parse --symbolic-full-name master@{u}
fatal: no upstream configured for branch 'master'
> git for-each-ref --format %(refname) %(objectname) --sort -committerdate
> git remote --verbose
> git config --get commit.template
> git status -z -u
> git symbolic-ref --short HEAD
> git rev-parse master
> git rev-parse --symbolic-full-name master@{u}
fatal: no upstream configured for branch 'master'
> git for-each-ref --format %(refname) %(objectname) --sort -committerdate
> git remote --verbose
> git config --get commit.template
> git show :src/app/admin/compras/listar-compras/listar-compras.component.ts
> git ls-files --stage -- /home/hcalderon/Documents/Angular/hoteleria/src/app/admin/compras/listar-compras/listar-compras.component.ts
> git cat-file -s 92393e5275291b7b800c916f63f0120365277736
> git check-ignore -v -z --stdin
> git check-ignore -v -z --stdin
> git check-ignore -v -z --stdin
> git check-ignore -v -z --stdin
> git show :src/app/shared/servicios/compra.service.ts
> git ls-files --stage -- /home/hcalderon/Documents/Angular/hoteleria/src/app/shared/servicios/compra.service.ts
> git cat-file -s 7666d909b9a90baf7597b3ef58dd8fe10ed14bc7
> git show :src/app/shared/servicios/detalle.service.ts
> git ls-files --stage -- /home/hcalderon/Documents/Angular/hoteleria/src/app/shared/servicios/detalle.service.ts
> git cat-file -s a61a9557d5b91cdb790c6c55e0d87f0d50aebe6a
> git show :src/app/shared/servicios/compra.service.ts
> git ls-files --stage -- /home/hcalderon/Documents/Angular/hoteleria/src/app/shared/servicios/compra.service.ts
> git cat-file -s 7666d909b9a90baf7597b3ef58dd8fe10ed14bc7
> git show :src/app/shared/servicios/detalle.service.ts
> git ls-files --stage -- /home/hcalderon/Documents/Angular/hoteleria/src/app/shared/servicios/detalle.service.ts
> git cat-file -s a61a9557d5b91cdb790c6c55e0d87f0d50aebe6a
> git check-ignore -v -z --stdin
> git show :src/app/admin/compras/listar-compras/listar-compras.component.ts
> git ls-files --stage -- /home/hcalderon/Documents/Angular/hoteleria/src/app/admin/compras/listar-compras/listar-compras.component.ts
> git cat-file -s 92393e5275291b7b800c916f63f0120365277736
> git status -z -u
> git symbolic-ref --short HEAD
> git rev-parse master
> git rev-parse --symbolic-full-name master@{u}
fatal: no upstream configured for branch 'master'
> git for-each-ref --format %(refname) %(objectname) --sort -committerdate
> git remote --verbose
> git config --get commit.template
> git status -z -u
> git symbolic-ref --short HEAD
> git rev-parse master
> git rev-parse --symbolic-full-name master@{u}
fatal: no upstream configured for branch 'master'
> git for-each-ref --format %(refname) %(objectname) --sort -committerdate
> git remote --verbose
> git config --get commit.template
> git status -z -u
> git symbolic-ref --short HEAD
> git rev-parse master
> git rev-parse --symbolic-full-name master@{u}
fatal: no upstream configured for branch 'master'
> git for-each-ref --format %(refname) %(objectname) --sort -committerdate
> git remote --verbose
> git config --get commit.template
> git status -z -u
> git symbolic-ref --short HEAD
> git rev-parse master
> git rev-parse --symbolic-full-name master@{u}
fatal: no upstream configured for branch 'master'
> git for-each-ref --format %(refname) %(objectname) --sort -committerdate
> git remote --verbose
> git config --get commit.template
> git show :src/app/shared/servicios/detalle.service.ts
> git ls-files --stage -- /home/hcalderon/Documents/Angular/hoteleria/src/app/shared/servicios/detalle.service.ts
> git cat-file -s a61a9557d5b91cdb790c6c55e0d87f0d50aebe6a
> git status -z -u
> git symbolic-ref --short HEAD
> git rev-parse master
> git rev-parse --symbolic-full-name master@{u}
fatal: no upstream configured for branch 'master'
> git for-each-ref --format %(refname) %(objectname) --sort -committerdate
> git remote --verbose
> git config --get commit.template
> git status -z -u
> git symbolic-ref --short HEAD
> git rev-parse master
> git rev-parse --symbolic-full-name master@{u}
fatal: no upstream configured for branch 'master'
> git for-each-ref --format %(refname) %(objectname) --sort -committerdate
> git remote --verbose
> git config --get commit.template
> git show :src/app/admin/compras/listar-compras/listar-compras.component.html
> git ls-files --stage -- /home/hcalderon/Documents/Angular/hoteleria/src/app/admin/compras/listar-compras/listar-compras.component.html
> git cat-file -s 5acbe0168d2b60afcbc7a0c8c4a62f5856072a57
> git status -z -u
> git symbolic-ref --short HEAD
> git rev-parse master
> git rev-parse --symbolic-full-name master@{u}
fatal: no upstream configured for branch 'master'
> git for-each-ref --format %(refname) %(objectname) --sort -committerdate
> git remote --verbose
> git config --get commit.template
> git show :src/app/shared/servicios/detalle.service.ts
> git ls-files --stage -- /home/hcalderon/Documents/Angular/hoteleria/src/app/shared/servicios/detalle.service.ts
> git cat-file -s a61a9557d5b91cdb790c6c55e0d87f0d50aebe6a
> git check-ignore -v -z --stdin
> git status -z -u
> git symbolic-ref --short HEAD
> git rev-parse master
> git rev-parse --symbolic-full-name master@{u}
fatal: no upstream configured for branch 'master'
> git for-each-ref --format %(refname) %(objectname) --sort -committerdate
> git remote --verbose
> git config --get commit.template
> git status -z -u
> git symbolic-ref --short HEAD
> git rev-parse master
> git rev-parse --symbolic-full-name master@{u}
fatal: no upstream configured for branch 'master'
> git for-each-ref --format %(refname) %(objectname) --sort -committerdate
> git remote --verbose
> git config --get commit.template
> git status -z -u
> git ls-files --stage -- /home/hcalderon/Documents/Angular/hoteleria/src/app/shared/servicios/detalle.service.ts
> git cat-file -s 20c8ff636ed16814582c077b54deb230a94d664f
> git show :src/app/shared/servicios/detalle.service.ts
> git symbolic-ref --short HEAD
> git rev-parse master
> git rev-parse --symbolic-full-name master@{u}
fatal: no upstream configured for branch 'master'
> git for-each-ref --format %(refname) %(objectname) --sort -committerdate
> git remote --verbose
> git config --get commit.template
> git status -z -u
> git symbolic-ref --short HEAD
> git rev-parse master
> git rev-parse --symbolic-full-name master@{u}
fatal: no upstream configured for branch 'master'
> git for-each-ref --format %(refname) %(objectname) --sort -committerdate
> git remote --verbose
> git config --get commit.template
> git ls-files --stage -- /home/hcalderon/Documents/Angular/hoteleria/src/app/shared/servicios/detalle.service.ts
> git cat-file -s 20c8ff636ed16814582c077b54deb230a94d664f
> git show :src/app/shared/servicios/detalle.service.ts
> git status -z -u
> git symbolic-ref --short HEAD
> git rev-parse master
> git rev-parse --symbolic-full-name master@{u}
fatal: no upstream configured for branch 'master'
> git for-each-ref --format %(refname) %(objectname) --sort -committerdate
> git remote --verbose
> git config --get commit.template
