[2020-04-02 07:38:08.392] [renderer1] [error] Error: [File Watcher (nsfw)] Inotify limit reached (ENOSPC)
[2020-04-02 07:38:08.417] [renderer1] [error] [File Watcher (nsfw)] Inotify limit reached (ENOSPC)
[2020-04-02 07:48:53.152] [renderer1] [error] <semantic> TypeScript Server Error (3.7.5)
Debug Failure. Invalid cast. The supplied value [object Object] did not pass the test 'isTypeParameterDeclaration'.
Error: Debug Failure. Invalid cast. The supplied value [object Object] did not pass the test 'isTypeParameterDeclaration'.
    at Object.cast (tsserver.js:1349:25)
    at visitor (tsserver.js:128105:50)
    at collectTypeParameters (tsserver.js:128099:20)
    at getRangeToExtract (tsserver.js:128064:34)
    at Object.getAvailableActions (tsserver.js:128015:28)
    at tsserver.js:120480:128
    at getIterator (tsserver.js:522:23)
    at Object.next (tsserver.js:517:35)
    at Object.arrayFrom (tsserver.js:1162:40)
    at Object.getApplicableRefactors (tsserver.js:120479:23)
    at Proxy.getApplicableRefactors (tsserver.js:131349:32)
    at IOSession.Session.getApplicableRefactors (tsserver.js:140717:53)
    at Session.handlers.ts.createMapFromTemplate._a.<computed> (tsserver.js:139570:61)
    at tsserver.js:140960:88
    at IOSession.Session.executeWithRequestId (tsserver.js:140951:28)
    at IOSession.Session.executeCommand (tsserver.js:140960:33)
    at IOSession.Session.onMessage (tsserver.js:140983:35)
    at Interface.<anonymous> (tsserver.js:142298:27)
    at Interface.emit (events.js:200:13)
    at Interface._onLine (readline.js:314:10)
    at Interface._normalWrite (readline.js:459:12)
    at Socket.ondata (readline.js:170:10)
    at Socket.emit (events.js:200:13)
    at addChunk (_stream_readable.js:294:12)
    at readableAddChunk (_stream_readable.js:275:11)
    at Socket.Readable.push (_stream_readable.js:210:10)
    at Pipe.onStreamRead (internal/stream_base_commons.js:166:17): Error: <semantic> TypeScript Server Error (3.7.5)
Debug Failure. Invalid cast. The supplied value [object Object] did not pass the test 'isTypeParameterDeclaration'.
Error: Debug Failure. Invalid cast. The supplied value [object Object] did not pass the test 'isTypeParameterDeclaration'.
    at Object.cast (tsserver.js:1349:25)
    at visitor (tsserver.js:128105:50)
    at collectTypeParameters (tsserver.js:128099:20)
    at getRangeToExtract (tsserver.js:128064:34)
    at Object.getAvailableActions (tsserver.js:128015:28)
    at tsserver.js:120480:128
    at getIterator (tsserver.js:522:23)
    at Object.next (tsserver.js:517:35)
    at Object.arrayFrom (tsserver.js:1162:40)
    at Object.getApplicableRefactors (tsserver.js:120479:23)
    at Proxy.getApplicableRefactors (tsserver.js:131349:32)
    at IOSession.Session.getApplicableRefactors (tsserver.js:140717:53)
    at Session.handlers.ts.createMapFromTemplate._a.<computed> (tsserver.js:139570:61)
    at tsserver.js:140960:88
    at IOSession.Session.executeWithRequestId (tsserver.js:140951:28)
    at IOSession.Session.executeCommand (tsserver.js:140960:33)
    at IOSession.Session.onMessage (tsserver.js:140983:35)
    at Interface.<anonymous> (tsserver.js:142298:27)
    at Interface.emit (events.js:200:13)
    at Interface._onLine (readline.js:314:10)
    at Interface._normalWrite (readline.js:459:12)
    at Socket.ondata (readline.js:170:10)
    at Socket.emit (events.js:200:13)
    at addChunk (_stream_readable.js:294:12)
    at readableAddChunk (_stream_readable.js:275:11)
    at Socket.Readable.push (_stream_readable.js:210:10)
    at Pipe.onStreamRead (internal/stream_base_commons.js:166:17)
	at Function.create (/usr/share/code/resources/app/extensions/typescript-language-features/dist/extension.js:1:49149)
	at h.dispatchResponse (/usr/share/code/resources/app/extensions/typescript-language-features/dist/extension.js:1:213785)
	at h.dispatchMessage (/usr/share/code/resources/app/extensions/typescript-language-features/dist/extension.js:1:212703)
	at /usr/share/code/resources/app/extensions/typescript-language-features/dist/extension.js:1:212179
	at l.fire (/usr/share/code/resources/app/out/vs/workbench/services/extensions/node/extensionHostProcess.js:48:541)
	at t.Reader.onLengthData (/usr/share/code/resources/app/extensions/typescript-language-features/dist/extension.js:1:219256)
	at Socket.<anonymous> (/usr/share/code/resources/app/extensions/typescript-language-features/dist/extension.js:1:218904)
	at Socket.emit (events.js:200:13)
	at addChunk (_stream_readable.js:294:12)
	at readableAddChunk (_stream_readable.js:275:11)
	at Socket.Readable.push (_stream_readable.js:210:10)
	at Pipe.onStreamRead (internal/stream_base_commons.js:166:17)
[2020-04-02 07:48:58.445] [renderer1] [error] <semantic> TypeScript Server Error (3.7.5)
Debug Failure. Invalid cast. The supplied value [object Object] did not pass the test 'isTypeParameterDeclaration'.
Error: Debug Failure. Invalid cast. The supplied value [object Object] did not pass the test 'isTypeParameterDeclaration'.
    at Object.cast (tsserver.js:1349:25)
    at visitor (tsserver.js:128105:50)
    at collectTypeParameters (tsserver.js:128099:20)
    at getRangeToExtract (tsserver.js:128064:34)
    at Object.getAvailableActions (tsserver.js:128015:28)
    at tsserver.js:120480:128
    at getIterator (tsserver.js:522:23)
    at Object.next (tsserver.js:517:35)
    at Object.arrayFrom (tsserver.js:1162:40)
    at Object.getApplicableRefactors (tsserver.js:120479:23)
    at Proxy.getApplicableRefactors (tsserver.js:131349:32)
    at IOSession.Session.getApplicableRefactors (tsserver.js:140717:53)
    at Session.handlers.ts.createMapFromTemplate._a.<computed> (tsserver.js:139570:61)
    at tsserver.js:140960:88
    at IOSession.Session.executeWithRequestId (tsserver.js:140951:28)
    at IOSession.Session.executeCommand (tsserver.js:140960:33)
    at IOSession.Session.onMessage (tsserver.js:140983:35)
    at Interface.<anonymous> (tsserver.js:142298:27)
    at Interface.emit (events.js:200:13)
    at Interface._onLine (readline.js:314:10)
    at Interface._normalWrite (readline.js:459:12)
    at Socket.ondata (readline.js:170:10)
    at Socket.emit (events.js:200:13)
    at addChunk (_stream_readable.js:294:12)
    at readableAddChunk (_stream_readable.js:275:11)
    at Socket.Readable.push (_stream_readable.js:210:10)
    at Pipe.onStreamRead (internal/stream_base_commons.js:166:17): Error: <semantic> TypeScript Server Error (3.7.5)
Debug Failure. Invalid cast. The supplied value [object Object] did not pass the test 'isTypeParameterDeclaration'.
Error: Debug Failure. Invalid cast. The supplied value [object Object] did not pass the test 'isTypeParameterDeclaration'.
    at Object.cast (tsserver.js:1349:25)
    at visitor (tsserver.js:128105:50)
    at collectTypeParameters (tsserver.js:128099:20)
    at getRangeToExtract (tsserver.js:128064:34)
    at Object.getAvailableActions (tsserver.js:128015:28)
    at tsserver.js:120480:128
    at getIterator (tsserver.js:522:23)
    at Object.next (tsserver.js:517:35)
    at Object.arrayFrom (tsserver.js:1162:40)
    at Object.getApplicableRefactors (tsserver.js:120479:23)
    at Proxy.getApplicableRefactors (tsserver.js:131349:32)
    at IOSession.Session.getApplicableRefactors (tsserver.js:140717:53)
    at Session.handlers.ts.createMapFromTemplate._a.<computed> (tsserver.js:139570:61)
    at tsserver.js:140960:88
    at IOSession.Session.executeWithRequestId (tsserver.js:140951:28)
    at IOSession.Session.executeCommand (tsserver.js:140960:33)
    at IOSession.Session.onMessage (tsserver.js:140983:35)
    at Interface.<anonymous> (tsserver.js:142298:27)
    at Interface.emit (events.js:200:13)
    at Interface._onLine (readline.js:314:10)
    at Interface._normalWrite (readline.js:459:12)
    at Socket.ondata (readline.js:170:10)
    at Socket.emit (events.js:200:13)
    at addChunk (_stream_readable.js:294:12)
    at readableAddChunk (_stream_readable.js:275:11)
    at Socket.Readable.push (_stream_readable.js:210:10)
    at Pipe.onStreamRead (internal/stream_base_commons.js:166:17)
	at Function.create (/usr/share/code/resources/app/extensions/typescript-language-features/dist/extension.js:1:49149)
	at h.dispatchResponse (/usr/share/code/resources/app/extensions/typescript-language-features/dist/extension.js:1:213785)
	at h.dispatchMessage (/usr/share/code/resources/app/extensions/typescript-language-features/dist/extension.js:1:212703)
	at /usr/share/code/resources/app/extensions/typescript-language-features/dist/extension.js:1:212179
	at l.fire (/usr/share/code/resources/app/out/vs/workbench/services/extensions/node/extensionHostProcess.js:48:541)
	at t.Reader.onLengthData (/usr/share/code/resources/app/extensions/typescript-language-features/dist/extension.js:1:219256)
	at Socket.<anonymous> (/usr/share/code/resources/app/extensions/typescript-language-features/dist/extension.js:1:218904)
	at Socket.emit (events.js:200:13)
	at addChunk (_stream_readable.js:294:12)
	at readableAddChunk (_stream_readable.js:275:11)
	at Socket.Readable.push (_stream_readable.js:210:10)
	at Pipe.onStreamRead (internal/stream_base_commons.js:166:17)
[2020-04-02 07:49:07.008] [renderer1] [error] <semantic> TypeScript Server Error (3.7.5)
Debug Failure. Invalid cast. The supplied value [object Object] did not pass the test 'isTypeParameterDeclaration'.
Error: Debug Failure. Invalid cast. The supplied value [object Object] did not pass the test 'isTypeParameterDeclaration'.
    at Object.cast (tsserver.js:1349:25)
    at visitor (tsserver.js:128105:50)
    at collectTypeParameters (tsserver.js:128099:20)
    at getRangeToExtract (tsserver.js:128064:34)
    at Object.getAvailableActions (tsserver.js:128015:28)
    at tsserver.js:120480:128
    at getIterator (tsserver.js:522:23)
    at Object.next (tsserver.js:517:35)
    at Object.arrayFrom (tsserver.js:1162:40)
    at Object.getApplicableRefactors (tsserver.js:120479:23)
    at Proxy.getApplicableRefactors (tsserver.js:131349:32)
    at IOSession.Session.getApplicableRefactors (tsserver.js:140717:53)
    at Session.handlers.ts.createMapFromTemplate._a.<computed> (tsserver.js:139570:61)
    at tsserver.js:140960:88
    at IOSession.Session.executeWithRequestId (tsserver.js:140951:28)
    at IOSession.Session.executeCommand (tsserver.js:140960:33)
    at IOSession.Session.onMessage (tsserver.js:140983:35)
    at Interface.<anonymous> (tsserver.js:142298:27)
    at Interface.emit (events.js:200:13)
    at Interface._onLine (readline.js:314:10)
    at Interface._normalWrite (readline.js:459:12)
    at Socket.ondata (readline.js:170:10)
    at Socket.emit (events.js:200:13)
    at addChunk (_stream_readable.js:294:12)
    at readableAddChunk (_stream_readable.js:275:11)
    at Socket.Readable.push (_stream_readable.js:210:10)
    at Pipe.onStreamRead (internal/stream_base_commons.js:166:17): Error: <semantic> TypeScript Server Error (3.7.5)
Debug Failure. Invalid cast. The supplied value [object Object] did not pass the test 'isTypeParameterDeclaration'.
Error: Debug Failure. Invalid cast. The supplied value [object Object] did not pass the test 'isTypeParameterDeclaration'.
    at Object.cast (tsserver.js:1349:25)
    at visitor (tsserver.js:128105:50)
    at collectTypeParameters (tsserver.js:128099:20)
    at getRangeToExtract (tsserver.js:128064:34)
    at Object.getAvailableActions (tsserver.js:128015:28)
    at tsserver.js:120480:128
    at getIterator (tsserver.js:522:23)
    at Object.next (tsserver.js:517:35)
    at Object.arrayFrom (tsserver.js:1162:40)
    at Object.getApplicableRefactors (tsserver.js:120479:23)
    at Proxy.getApplicableRefactors (tsserver.js:131349:32)
    at IOSession.Session.getApplicableRefactors (tsserver.js:140717:53)
    at Session.handlers.ts.createMapFromTemplate._a.<computed> (tsserver.js:139570:61)
    at tsserver.js:140960:88
    at IOSession.Session.executeWithRequestId (tsserver.js:140951:28)
    at IOSession.Session.executeCommand (tsserver.js:140960:33)
    at IOSession.Session.onMessage (tsserver.js:140983:35)
    at Interface.<anonymous> (tsserver.js:142298:27)
    at Interface.emit (events.js:200:13)
    at Interface._onLine (readline.js:314:10)
    at Interface._normalWrite (readline.js:459:12)
    at Socket.ondata (readline.js:170:10)
    at Socket.emit (events.js:200:13)
    at addChunk (_stream_readable.js:294:12)
    at readableAddChunk (_stream_readable.js:275:11)
    at Socket.Readable.push (_stream_readable.js:210:10)
    at Pipe.onStreamRead (internal/stream_base_commons.js:166:17)
	at Function.create (/usr/share/code/resources/app/extensions/typescript-language-features/dist/extension.js:1:49149)
	at h.dispatchResponse (/usr/share/code/resources/app/extensions/typescript-language-features/dist/extension.js:1:213785)
	at h.dispatchMessage (/usr/share/code/resources/app/extensions/typescript-language-features/dist/extension.js:1:212703)
	at /usr/share/code/resources/app/extensions/typescript-language-features/dist/extension.js:1:212179
	at l.fire (/usr/share/code/resources/app/out/vs/workbench/services/extensions/node/extensionHostProcess.js:48:541)
	at t.Reader.onLengthData (/usr/share/code/resources/app/extensions/typescript-language-features/dist/extension.js:1:219256)
	at Socket.<anonymous> (/usr/share/code/resources/app/extensions/typescript-language-features/dist/extension.js:1:218904)
	at Socket.emit (events.js:200:13)
	at addChunk (_stream_readable.js:294:12)
	at readableAddChunk (_stream_readable.js:275:11)
	at Socket.Readable.push (_stream_readable.js:210:10)
	at Pipe.onStreamRead (internal/stream_base_commons.js:166:17)
[2020-04-02 07:49:50.704] [renderer1] [error] <semantic> TypeScript Server Error (3.7.5)
Debug Failure. Invalid cast. The supplied value [object Object] did not pass the test 'isTypeParameterDeclaration'.
Error: Debug Failure. Invalid cast. The supplied value [object Object] did not pass the test 'isTypeParameterDeclaration'.
    at Object.cast (tsserver.js:1349:25)
    at visitor (tsserver.js:128105:50)
    at collectTypeParameters (tsserver.js:128099:20)
    at getRangeToExtract (tsserver.js:128064:34)
    at Object.getAvailableActions (tsserver.js:128015:28)
    at tsserver.js:120480:128
    at getIterator (tsserver.js:522:23)
    at Object.next (tsserver.js:517:35)
    at Object.arrayFrom (tsserver.js:1162:40)
    at Object.getApplicableRefactors (tsserver.js:120479:23)
    at Proxy.getApplicableRefactors (tsserver.js:131349:32)
    at IOSession.Session.getApplicableRefactors (tsserver.js:140717:53)
    at Session.handlers.ts.createMapFromTemplate._a.<computed> (tsserver.js:139570:61)
    at tsserver.js:140960:88
    at IOSession.Session.executeWithRequestId (tsserver.js:140951:28)
    at IOSession.Session.executeCommand (tsserver.js:140960:33)
    at IOSession.Session.onMessage (tsserver.js:140983:35)
    at Interface.<anonymous> (tsserver.js:142298:27)
    at Interface.emit (events.js:200:13)
    at Interface._onLine (readline.js:314:10)
    at Interface._normalWrite (readline.js:459:12)
    at Socket.ondata (readline.js:170:10)
    at Socket.emit (events.js:200:13)
    at addChunk (_stream_readable.js:294:12)
    at readableAddChunk (_stream_readable.js:275:11)
    at Socket.Readable.push (_stream_readable.js:210:10)
    at Pipe.onStreamRead (internal/stream_base_commons.js:166:17): Error: <semantic> TypeScript Server Error (3.7.5)
Debug Failure. Invalid cast. The supplied value [object Object] did not pass the test 'isTypeParameterDeclaration'.
Error: Debug Failure. Invalid cast. The supplied value [object Object] did not pass the test 'isTypeParameterDeclaration'.
    at Object.cast (tsserver.js:1349:25)
    at visitor (tsserver.js:128105:50)
    at collectTypeParameters (tsserver.js:128099:20)
    at getRangeToExtract (tsserver.js:128064:34)
    at Object.getAvailableActions (tsserver.js:128015:28)
    at tsserver.js:120480:128
    at getIterator (tsserver.js:522:23)
    at Object.next (tsserver.js:517:35)
    at Object.arrayFrom (tsserver.js:1162:40)
    at Object.getApplicableRefactors (tsserver.js:120479:23)
    at Proxy.getApplicableRefactors (tsserver.js:131349:32)
    at IOSession.Session.getApplicableRefactors (tsserver.js:140717:53)
    at Session.handlers.ts.createMapFromTemplate._a.<computed> (tsserver.js:139570:61)
    at tsserver.js:140960:88
    at IOSession.Session.executeWithRequestId (tsserver.js:140951:28)
    at IOSession.Session.executeCommand (tsserver.js:140960:33)
    at IOSession.Session.onMessage (tsserver.js:140983:35)
    at Interface.<anonymous> (tsserver.js:142298:27)
    at Interface.emit (events.js:200:13)
    at Interface._onLine (readline.js:314:10)
    at Interface._normalWrite (readline.js:459:12)
    at Socket.ondata (readline.js:170:10)
    at Socket.emit (events.js:200:13)
    at addChunk (_stream_readable.js:294:12)
    at readableAddChunk (_stream_readable.js:275:11)
    at Socket.Readable.push (_stream_readable.js:210:10)
    at Pipe.onStreamRead (internal/stream_base_commons.js:166:17)
	at Function.create (/usr/share/code/resources/app/extensions/typescript-language-features/dist/extension.js:1:49149)
	at h.dispatchResponse (/usr/share/code/resources/app/extensions/typescript-language-features/dist/extension.js:1:213785)
	at h.dispatchMessage (/usr/share/code/resources/app/extensions/typescript-language-features/dist/extension.js:1:212703)
	at /usr/share/code/resources/app/extensions/typescript-language-features/dist/extension.js:1:212179
	at l.fire (/usr/share/code/resources/app/out/vs/workbench/services/extensions/node/extensionHostProcess.js:48:541)
	at t.Reader.onLengthData (/usr/share/code/resources/app/extensions/typescript-language-features/dist/extension.js:1:219256)
	at Socket.<anonymous> (/usr/share/code/resources/app/extensions/typescript-language-features/dist/extension.js:1:218904)
	at Socket.emit (events.js:200:13)
	at addChunk (_stream_readable.js:294:12)
	at readableAddChunk (_stream_readable.js:275:11)
	at Socket.Readable.push (_stream_readable.js:210:10)
	at Pipe.onStreamRead (internal/stream_base_commons.js:166:17)
[2020-04-02 07:49:57.708] [renderer1] [error] <semantic> TypeScript Server Error (3.7.5)
Debug Failure. Invalid cast. The supplied value [object Object] did not pass the test 'isTypeParameterDeclaration'.
Error: Debug Failure. Invalid cast. The supplied value [object Object] did not pass the test 'isTypeParameterDeclaration'.
    at Object.cast (tsserver.js:1349:25)
    at visitor (tsserver.js:128105:50)
    at collectTypeParameters (tsserver.js:128099:20)
    at getRangeToExtract (tsserver.js:128064:34)
    at Object.getAvailableActions (tsserver.js:128015:28)
    at tsserver.js:120480:128
    at getIterator (tsserver.js:522:23)
    at Object.next (tsserver.js:517:35)
    at Object.arrayFrom (tsserver.js:1162:40)
    at Object.getApplicableRefactors (tsserver.js:120479:23)
    at Proxy.getApplicableRefactors (tsserver.js:131349:32)
    at IOSession.Session.getApplicableRefactors (tsserver.js:140717:53)
    at Session.handlers.ts.createMapFromTemplate._a.<computed> (tsserver.js:139570:61)
    at tsserver.js:140960:88
    at IOSession.Session.executeWithRequestId (tsserver.js:140951:28)
    at IOSession.Session.executeCommand (tsserver.js:140960:33)
    at IOSession.Session.onMessage (tsserver.js:140983:35)
    at Interface.<anonymous> (tsserver.js:142298:27)
    at Interface.emit (events.js:200:13)
    at Interface._onLine (readline.js:314:10)
    at Interface._normalWrite (readline.js:459:12)
    at Socket.ondata (readline.js:170:10)
    at Socket.emit (events.js:200:13)
    at addChunk (_stream_readable.js:294:12)
    at readableAddChunk (_stream_readable.js:275:11)
    at Socket.Readable.push (_stream_readable.js:210:10)
    at Pipe.onStreamRead (internal/stream_base_commons.js:166:17): Error: <semantic> TypeScript Server Error (3.7.5)
Debug Failure. Invalid cast. The supplied value [object Object] did not pass the test 'isTypeParameterDeclaration'.
Error: Debug Failure. Invalid cast. The supplied value [object Object] did not pass the test 'isTypeParameterDeclaration'.
    at Object.cast (tsserver.js:1349:25)
    at visitor (tsserver.js:128105:50)
    at collectTypeParameters (tsserver.js:128099:20)
    at getRangeToExtract (tsserver.js:128064:34)
    at Object.getAvailableActions (tsserver.js:128015:28)
    at tsserver.js:120480:128
    at getIterator (tsserver.js:522:23)
    at Object.next (tsserver.js:517:35)
    at Object.arrayFrom (tsserver.js:1162:40)
    at Object.getApplicableRefactors (tsserver.js:120479:23)
    at Proxy.getApplicableRefactors (tsserver.js:131349:32)
    at IOSession.Session.getApplicableRefactors (tsserver.js:140717:53)
    at Session.handlers.ts.createMapFromTemplate._a.<computed> (tsserver.js:139570:61)
    at tsserver.js:140960:88
    at IOSession.Session.executeWithRequestId (tsserver.js:140951:28)
    at IOSession.Session.executeCommand (tsserver.js:140960:33)
    at IOSession.Session.onMessage (tsserver.js:140983:35)
    at Interface.<anonymous> (tsserver.js:142298:27)
    at Interface.emit (events.js:200:13)
    at Interface._onLine (readline.js:314:10)
    at Interface._normalWrite (readline.js:459:12)
    at Socket.ondata (readline.js:170:10)
    at Socket.emit (events.js:200:13)
    at addChunk (_stream_readable.js:294:12)
    at readableAddChunk (_stream_readable.js:275:11)
    at Socket.Readable.push (_stream_readable.js:210:10)
    at Pipe.onStreamRead (internal/stream_base_commons.js:166:17)
	at Function.create (/usr/share/code/resources/app/extensions/typescript-language-features/dist/extension.js:1:49149)
	at h.dispatchResponse (/usr/share/code/resources/app/extensions/typescript-language-features/dist/extension.js:1:213785)
	at h.dispatchMessage (/usr/share/code/resources/app/extensions/typescript-language-features/dist/extension.js:1:212703)
	at /usr/share/code/resources/app/extensions/typescript-language-features/dist/extension.js:1:212179
	at l.fire (/usr/share/code/resources/app/out/vs/workbench/services/extensions/node/extensionHostProcess.js:48:541)
	at t.Reader.onLengthData (/usr/share/code/resources/app/extensions/typescript-language-features/dist/extension.js:1:219256)
	at Socket.<anonymous> (/usr/share/code/resources/app/extensions/typescript-language-features/dist/extension.js:1:218904)
	at Socket.emit (events.js:200:13)
	at addChunk (_stream_readable.js:294:12)
	at readableAddChunk (_stream_readable.js:275:11)
	at Socket.Readable.push (_stream_readable.js:210:10)
	at Pipe.onStreamRead (internal/stream_base_commons.js:166:17)
