Looking for git in: git
Using git 2.7.4 from git
> git rev-parse --show-toplevel
> git rev-parse --git-dir
Open repository: /home/hcalderon/Documents/Angular/hoteleria
> git status -z -u
> git symbolic-ref --short HEAD
> git rev-parse master
> git check-ignore -v -z --stdin
> git rev-parse --symbolic-full-name master@{u}
fatal: no upstream configured for branch 'master'
> git for-each-ref --format %(refname) %(objectname) --sort -committerdate
> git remote --verbose
> git config --get commit.template
> git status -z -u
> git symbolic-ref --short HEAD
> git rev-parse master
> git rev-parse --symbolic-full-name master@{u}
fatal: no upstream configured for branch 'master'
> git for-each-ref --format %(refname) %(objectname) --sort -committerdate
> git remote --verbose
> git config --get commit.template
> git check-ignore -v -z --stdin
> git status -z -u
> git symbolic-ref --short HEAD
> git rev-parse master
> git rev-parse --symbolic-full-name master@{u}
fatal: no upstream configured for branch 'master'
> git for-each-ref --format %(refname) %(objectname) --sort -committerdate
> git remote --verbose
> git config --get commit.template
> git check-ignore -v -z --stdin
> git check-ignore -v -z --stdin
> git check-ignore -v -z --stdin
> git show :src/app/shared/servicios/articulo.service.ts
> git show :src/app/shared/servicios/hotel.service.ts
> git show :src/app/shared/servicios/articulo.service.ts
> git check-ignore -v -z --stdin
> git status -z -u
> git symbolic-ref --short HEAD
> git rev-parse master
> git rev-parse --symbolic-full-name master@{u}
fatal: no upstream configured for branch 'master'
> git for-each-ref --format %(refname) %(objectname) --sort -committerdate
> git remote --verbose
> git config --get commit.template
> git show :src/app/shared/servicios/hotel.service.ts
> git check-ignore -v -z --stdin
> git check-ignore -v -z --stdin
> git show :src/app/app-routing.module.ts
> git check-ignore -v -z --stdin
> git show :src/app/admin/admin.component.html
> git show :src/app/app-routing.module.ts
> git show :src/app/admin/admin.component.html
> git status -z -u
> git symbolic-ref --short HEAD
> git rev-parse master
> git rev-parse --symbolic-full-name master@{u}
fatal: no upstream configured for branch 'master'
> git for-each-ref --format %(refname) %(objectname) --sort -committerdate
> git remote --verbose
> git config --get commit.template
> git show :src/app/app-routing.module.ts
> git show :src/app/admin/admin.component.html
> git show :src/app/admin/articulo/crear-articulo/crear-articulo.component.ts
> git check-ignore -v -z --stdin
> git check-ignore -v -z --stdin
> git check-ignore -v -z --stdin
> git show :src/app/admin/hotel/listar-hotel/listar-hotel.component.html
> git show :src/app/admin/articulo/listar-articulo/listar-articulo.component.html
> git show :src/app/admin/articulo/listar-articulo/listar-articulo.component.ts
> git show :src/app/admin/hotel/listar-hotel/listar-hotel.component.ts
> git show :src/app/admin/articulo/listar-articulo/listar-articulo.component.ts
> git show :src/app/admin/hotel/listar-hotel/listar-hotel.component.ts
> git show :src/app/admin/articulo/listar-articulo/listar-articulo.component.ts
> git show :src/app/admin/hotel/listar-hotel/listar-hotel.component.ts
> git show :src/app/admin/articulo/listar-articulo/listar-articulo.component.ts
> git show :src/app/admin/hotel/listar-hotel/listar-hotel.component.ts
> git show :src/app/admin/articulo/listar-articulo/listar-articulo.component.ts
> git show :src/app/admin/hotel/listar-hotel/listar-hotel.component.ts
> git show :src/app/admin/articulo/listar-articulo/listar-articulo.component.ts
> git status -z -u
> git symbolic-ref --short HEAD
> git rev-parse master
> git rev-parse --symbolic-full-name master@{u}
fatal: no upstream configured for branch 'master'
> git for-each-ref --format %(refname) %(objectname) --sort -committerdate
> git remote --verbose
> git config --get commit.template
> git show :src/app/admin/articulo/listar-articulo/listar-articulo.component.ts
> git show :src/app/admin/articulo/crear-articulo/crear-articulo.component.ts
> git status -z -u
> git symbolic-ref --short HEAD
> git rev-parse master
> git rev-parse --symbolic-full-name master@{u}
fatal: no upstream configured for branch 'master'
> git for-each-ref --format %(refname) %(objectname) --sort -committerdate
> git remote --verbose
> git config --get commit.template
> git show :src/app/admin/articulo/crear-articulo/crear-articulo.component.ts
> git status -z -u
> git show :src/app/admin/articulo/crear-articulo/crear-articulo.component.ts
> git symbolic-ref --short HEAD
> git rev-parse master
> git rev-parse --symbolic-full-name master@{u}
fatal: no upstream configured for branch 'master'
> git for-each-ref --format %(refname) %(objectname) --sort -committerdate
> git remote --verbose
> git config --get commit.template
> git status -z -u
> git symbolic-ref --short HEAD
> git rev-parse master
> git rev-parse --symbolic-full-name master@{u}
fatal: no upstream configured for branch 'master'
> git for-each-ref --format %(refname) %(objectname) --sort -committerdate
> git remote --verbose
> git config --get commit.template
> git show :src/app/admin/articulo/crear-articulo/crear-articulo.component.ts
