[2020-04-04 07:57:35.103] [exthost] [info] extension host started
[2020-04-04 07:57:35.216] [exthost] [info] ExtensionService#_doActivateExtension vscode.extension-editing {"startup":false,"extensionId":{"value":"vscode.extension-editing","_lower":"vscode.extension-editing"},"activationEvent":"onLanguage:typescript"}
[2020-04-04 07:57:35.216] [exthost] [info] ExtensionService#loadCommonJSModule file:///usr/share/code/resources/app/extensions/extension-editing/dist/extension
[2020-04-04 07:57:35.467] [exthost] [info] ExtensionService#_doActivateExtension vscode.typescript-language-features {"startup":false,"extensionId":{"value":"vscode.typescript-language-features","_lower":"vscode.typescript-language-features"},"activationEvent":"onLanguage:typescript"}
[2020-04-04 07:57:35.468] [exthost] [info] ExtensionService#loadCommonJSModule file:///usr/share/code/resources/app/extensions/typescript-language-features/dist/extension
[2020-04-04 07:57:35.892] [exthost] [info] ExtensionService#_doActivateExtension vscode.debug-auto-launch {"startup":true,"extensionId":{"value":"vscode.debug-auto-launch","_lower":"vscode.debug-auto-launch"},"activationEvent":"*"}
[2020-04-04 07:57:35.892] [exthost] [info] ExtensionService#loadCommonJSModule file:///usr/share/code/resources/app/extensions/debug-auto-launch/dist/extension
[2020-04-04 07:57:36.815] [exthost] [info] ExtensionService#_doActivateExtension vscode.emmet {"startup":true,"extensionId":{"value":"vscode.emmet","_lower":"vscode.emmet"},"activationEvent":"*"}
[2020-04-04 07:57:36.816] [exthost] [info] ExtensionService#loadCommonJSModule file:///usr/share/code/resources/app/extensions/emmet/dist/extension
[2020-04-04 07:57:37.018] [exthost] [info] ExtensionService#_doActivateExtension vscode.git {"startup":true,"extensionId":{"value":"vscode.git","_lower":"vscode.git"},"activationEvent":"*"}
[2020-04-04 07:57:37.018] [exthost] [info] ExtensionService#loadCommonJSModule file:///usr/share/code/resources/app/extensions/git/dist/main
[2020-04-04 07:57:37.445] [exthost] [info] ExtensionService#_doActivateExtension vscode.merge-conflict {"startup":true,"extensionId":{"value":"vscode.merge-conflict","_lower":"vscode.merge-conflict"},"activationEvent":"*"}
[2020-04-04 07:57:37.446] [exthost] [info] ExtensionService#loadCommonJSModule file:///usr/share/code/resources/app/extensions/merge-conflict/dist/extension
[2020-04-04 07:57:37.724] [exthost] [info] ExtensionService#_doActivateExtension vscode.search-result {"startup":true,"extensionId":{"value":"vscode.search-result","_lower":"vscode.search-result"},"activationEvent":"*"}
[2020-04-04 07:57:37.724] [exthost] [info] ExtensionService#loadCommonJSModule file:///usr/share/code/resources/app/extensions/search-result/dist/extension.js
[2020-04-04 07:57:37.786] [exthost] [info] ExtensionService#_doActivateExtension vscode.vscode-account {"startup":true,"extensionId":{"value":"vscode.vscode-account","_lower":"vscode.vscode-account"},"activationEvent":"*"}
[2020-04-04 07:57:37.786] [exthost] [info] ExtensionService#loadCommonJSModule file:///usr/share/code/resources/app/extensions/vscode-account/dist/extension.js
[2020-04-04 07:57:38.007] [exthost] [info] ExtensionService#_doActivateExtension dbaeumer.vscode-eslint {"startup":true,"extensionId":{"value":"dbaeumer.vscode-eslint","_lower":"dbaeumer.vscode-eslint"},"activationEvent":"*"}
[2020-04-04 07:57:38.007] [exthost] [info] ExtensionService#loadCommonJSModule file:///home/hcalderon/.vscode/extensions/dbaeumer.vscode-eslint-2.1.1/client/out/extension
[2020-04-04 07:57:38.767] [exthost] [info] ExtensionService#_doActivateExtension vscode.npm {"startup":true,"extensionId":{"value":"vscode.npm","_lower":"vscode.npm"},"activationEvent":"workspaceContains:package.json"}
[2020-04-04 07:57:38.767] [exthost] [info] ExtensionService#loadCommonJSModule file:///usr/share/code/resources/app/extensions/npm/dist/main
[2020-04-04 07:57:42.734] [exthost] [info] eager extensions activated
[2020-04-04 07:57:54.433] [exthost] [info] ExtensionService#_doActivateExtension vscode.configuration-editing {"startup":false,"extensionId":{"value":"vscode.configuration-editing","_lower":"vscode.configuration-editing"},"activationEvent":"onLanguage:jsonc"}
[2020-04-04 07:57:54.434] [exthost] [info] ExtensionService#loadCommonJSModule file:///usr/share/code/resources/app/extensions/configuration-editing/dist/extension
[2020-04-04 07:57:54.515] [exthost] [info] ExtensionService#_doActivateExtension vscode.json-language-features {"startup":false,"extensionId":{"value":"vscode.json-language-features","_lower":"vscode.json-language-features"},"activationEvent":"onLanguage:jsonc"}
[2020-04-04 07:57:54.516] [exthost] [info] ExtensionService#loadCommonJSModule file:///usr/share/code/resources/app/extensions/json-language-features/client/dist/jsonMain
[2020-04-04 08:00:12.964] [exthost] [info] ExtensionService#_doActivateExtension vscode.html-language-features {"startup":false,"extensionId":{"value":"vscode.html-language-features","_lower":"vscode.html-language-features"},"activationEvent":"onLanguage:html"}
[2020-04-04 08:00:12.964] [exthost] [info] ExtensionService#loadCommonJSModule file:///usr/share/code/resources/app/extensions/html-language-features/client/dist/htmlMain
[2020-04-04 08:01:07.422] [exthost] [error] [vscode.typescript-language-features] provider FAILED
[2020-04-04 08:01:07.425] [exthost] [error] Error: <semantic> TypeScript Server Error (3.7.5)
Maximum call stack size exceeded
RangeError: Maximum call stack size exceeded
    at String.replace (<anonymous>)
    at normalizeSlashes (tsserver.js:5897:21)
    at combinePaths (tsserver.js:5958:28)
    at getPathComponents (tsserver.js:5872:16)
    at normalizePath (tsserver.js:6006:73)
    at Object.toPath (tsserver.js:6021:15)
    at toPath (tsserver.js:115386:23)
    at getSourceFile (tsserver.js:115438:24)
    at tryGetSourcePosition (tsserver.js:115407:24)
    at tryGetSourcePosition (tsserver.js:115411:61)
    at tryGetSourcePosition (tsserver.js:115411:61)
    at tryGetSourcePosition (tsserver.js:115411:61)
    at tryGetSourcePosition (tsserver.js:115411:61)
    at tryGetSourcePosition (tsserver.js:115411:61)
    at tryGetSourcePosition (tsserver.js:115411:61)
    at tryGetSourcePosition (tsserver.js:115411:61)
    at tryGetSourcePosition (tsserver.js:115411:61)
    at tryGetSourcePosition (tsserver.js:115411:61)
    at tryGetSourcePosition (tsserver.js:115411:61)
    at tryGetSourcePosition (tsserver.js:115411:61)
    at tryGetSourcePosition (tsserver.js:115411:61)
    at tryGetSourcePosition (tsserver.js:115411:61)
    at tryGetSourcePosition (tsserver.js:115411:61)
    at tryGetSourcePosition (tsserver.js:115411:61)
    at tryGetSourcePosition (tsserver.js:115411:61)
    at tryGetSourcePosition (tsserver.js:115411:61)
    at tryGetSourcePosition (tsserver.js:115411:61)
    at tryGetSourcePosition (tsserver.js:115411:61)
    at tryGetSourcePosition (tsserver.js:115411:61)
    at tryGetSourcePosition (tsserver.js:115411:61)
    at tryGetSourcePosition (tsserver.js:115411:61)
    at tryGetSourcePosition (tsserver.js:115411:61)
    at tryGetSourcePosition (tsserver.js:115411:61)
    at tryGetSourcePosition (tsserver.js:115411:61)
    at tryGetSourcePosition (tsserver.js:115411:61)
    at tryGetSourcePosition (tsserver.js:115411:61)
    at tryGetSourcePosition (tsserver.js:115411:61)
    at tryGetSourcePosition (tsserver.js:115411:61)
    at tryGetSourcePosition (tsserver.js:115411:61)
    at tryGetSourcePosition (tsserver.js:115411:61)
    at tryGetSourcePosition (tsserver.js:115411:61)
    at tryGetSourcePosition (tsserver.js:115411:61)
    at tryGetSourcePosition (tsserver.js:115411:61)
    at tryGetSourcePosition (tsserver.js:115411:61)
    at tryGetSourcePosition (tsserver.js:115411:61)
    at tryGetSourcePosition (tsserver.js:115411:61)
    at tryGetSourcePosition (tsserver.js:115411:61)
    at tryGetSourcePosition (tsserver.js:115411:61)
    at tryGetSourcePosition (tsserver.js:115411:61)
    at tryGetSourcePosition (tsserver.js:115411:61)
    at tryGetSourcePosition (tsserver.js:115411:61)
    at tryGetSourcePosition (tsserver.js:115411:61)
    at tryGetSourcePosition (tsserver.js:115411:61)
    at tryGetSourcePosition (tsserver.js:115411:61)
    at tryGetSourcePosition (tsserver.js:115411:61)
    at tryGetSourcePosition (tsserver.js:115411:61)
    at tryGetSourcePosition (tsserver.js:115411:61)
    at tryGetSourcePosition (tsserver.js:115411:61)
    at tryGetSourcePosition (tsserver.js:115411:61)
    at tryGetSourcePosition (tsserver.js:115411:61)
    at tryGetSourcePosition (tsserver.js:115411:61)
    at tryGetSourcePosition (tsserver.js:115411:61)
    at tryGetSourcePosition (tsserver.js:115411:61)
    at tryGetSourcePosition (tsserver.js:115411:61)
    at tryGetSourcePosition (tsserver.js:115411:61)
    at tryGetSourcePosition (tsserver.js:115411:61)
    at tryGetSourcePosition (tsserver.js:115411:61)
    at tryGetSourcePosition (tsserver.js:115411:61)
    at tryGetSourcePosition (tsserver.js:115411:61)
    at tryGetSourcePosition (tsserver.js:115411:61)
    at tryGetSourcePosition (tsserver.js:115411:61)
    at tryGetSourcePosition (tsserver.js:115411:61)
    at tryGetSourcePosition (tsserver.js:115411:61)
    at tryGetSourcePosition (tsserver.js:115411:61)
    at tryGetSourcePosition (tsserver.js:115411:61)
    at tryGetSourcePosition (tsserver.js:115411:61)
    at tryGetSourcePosition (tsserver.js:115411:61)
    at tryGetSourcePosition (tsserver.js:115411:61)
    at tryGetSourcePosition (tsserver.js:115411:61)
    at tryGetSourcePosition (tsserver.js:115411:61)
    at tryGetSourcePosition (tsserver.js:115411:61)
    at tryGetSourcePosition (tsserver.js:115411:61)
    at tryGetSourcePosition (tsserver.js:115411:61)
    at tryGetSourcePosition (tsserver.js:115411:61)
    at tryGetSourcePosition (tsserver.js:115411:61)
    at tryGetSourcePosition (tsserver.js:115411:61)
    at tryGetSourcePosition (tsserver.js:115411:61)
    at tryGetSourcePosition (tsserver.js:115411:61)
    at tryGetSourcePosition (tsserver.js:115411:61)
    at tryGetSourcePosition (tsserver.js:115411:61)
    at tryGetSourcePosition (tsserver.js:115411:61)
    at tryGetSourcePosition (tsserver.js:115411:61)
    at tryGetSourcePosition (tsserver.js:115411:61)
    at tryGetSourcePosition (tsserver.js:115411:61)
    at tryGetSourcePosition (tsserver.js:115411:61)
    at tryGetSourcePosition (tsserver.js:115411:61)
    at tryGetSourcePosition (tsserver.js:115411:61)
    at tryGetSourcePosition (tsserver.js:115411:61)
    at tryGetSourcePosition (tsserver.js:115411:61)
    at tryGetSourcePosition (tsserver.js:115411:61)
	at Function.create (/usr/share/code/resources/app/extensions/typescript-language-features/dist/extension.js:1:49149)
	at h.dispatchResponse (/usr/share/code/resources/app/extensions/typescript-language-features/dist/extension.js:1:213785)
	at h.dispatchMessage (/usr/share/code/resources/app/extensions/typescript-language-features/dist/extension.js:1:212703)
	at /usr/share/code/resources/app/extensions/typescript-language-features/dist/extension.js:1:212179
	at l.fire (/usr/share/code/resources/app/out/vs/workbench/services/extensions/node/extensionHostProcess.js:48:541)
	at t.Reader.onLengthData (/usr/share/code/resources/app/extensions/typescript-language-features/dist/extension.js:1:219256)
	at Socket.<anonymous> (/usr/share/code/resources/app/extensions/typescript-language-features/dist/extension.js:1:218904)
	at Socket.emit (events.js:200:13)
	at addChunk (_stream_readable.js:294:12)
	at readableAddChunk (_stream_readable.js:275:11)
	at Socket.Readable.push (_stream_readable.js:210:10)
	at Pipe.onStreamRead (internal/stream_base_commons.js:166:17)
[2020-04-04 08:03:11.971] [exthost] [info] [vscode.typescript-language-features] UNSAVE result from 'resolveCompletionItem', extension SHOULD NOT change any of: additionalTextEdits, or command
[2020-04-04 08:16:48.183] [exthost] [warning] INVALID text edit -> must have at least a label
[2020-04-04 08:20:49.747] [exthost] [warning] INVALID text edit -> must have at least a label
[2020-04-04 08:34:46.737] [exthost] [warning] INVALID text edit -> must have at least a label
[2020-04-04 08:35:17.233] [exthost] [warning] INVALID text edit -> must have at least a label
[2020-04-04 08:37:01.830] [exthost] [warning] INVALID text edit -> must have at least a label
[2020-04-04 09:47:34.515] [exthost] [error] [vscode.typescript-language-features] provider FAILED
[2020-04-04 09:47:34.515] [exthost] [error] Error: DisposableStore is missing...
	at F._convertCompletionItem (/usr/share/code/resources/app/out/vs/workbench/services/extensions/node/extensionHostProcess.js:589:986)
	at /usr/share/code/resources/app/out/vs/workbench/services/extensions/node/extensionHostProcess.js:589:764
[2020-04-04 09:54:20.362] [exthost] [warning] INVALID text edit -> must have at least a label
[2020-04-04 10:19:41.002] [exthost] [error] [vscode.typescript-language-features] provider FAILED
[2020-04-04 10:19:41.002] [exthost] [error] Error: <semantic> TypeScript Server Error (3.7.5)
Maximum call stack size exceeded
RangeError: Maximum call stack size exceeded
    at String.replace (<anonymous>)
    at normalizeSlashes (tsserver.js:5897:21)
    at combinePaths (tsserver.js:5958:28)
    at getPathComponents (tsserver.js:5872:16)
    at normalizePath (tsserver.js:6006:73)
    at Object.toPath (tsserver.js:6021:15)
    at toPath (tsserver.js:115386:23)
    at getSourceFile (tsserver.js:115438:24)
    at tryGetSourcePosition (tsserver.js:115407:24)
    at tryGetSourcePosition (tsserver.js:115411:61)
    at tryGetSourcePosition (tsserver.js:115411:61)
    at tryGetSourcePosition (tsserver.js:115411:61)
    at tryGetSourcePosition (tsserver.js:115411:61)
    at tryGetSourcePosition (tsserver.js:115411:61)
    at tryGetSourcePosition (tsserver.js:115411:61)
    at tryGetSourcePosition (tsserver.js:115411:61)
    at tryGetSourcePosition (tsserver.js:115411:61)
    at tryGetSourcePosition (tsserver.js:115411:61)
    at tryGetSourcePosition (tsserver.js:115411:61)
    at tryGetSourcePosition (tsserver.js:115411:61)
    at tryGetSourcePosition (tsserver.js:115411:61)
    at tryGetSourcePosition (tsserver.js:115411:61)
    at tryGetSourcePosition (tsserver.js:115411:61)
    at tryGetSourcePosition (tsserver.js:115411:61)
    at tryGetSourcePosition (tsserver.js:115411:61)
    at tryGetSourcePosition (tsserver.js:115411:61)
    at tryGetSourcePosition (tsserver.js:115411:61)
    at tryGetSourcePosition (tsserver.js:115411:61)
    at tryGetSourcePosition (tsserver.js:115411:61)
    at tryGetSourcePosition (tsserver.js:115411:61)
    at tryGetSourcePosition (tsserver.js:115411:61)
    at tryGetSourcePosition (tsserver.js:115411:61)
    at tryGetSourcePosition (tsserver.js:115411:61)
    at tryGetSourcePosition (tsserver.js:115411:61)
    at tryGetSourcePosition (tsserver.js:115411:61)
    at tryGetSourcePosition (tsserver.js:115411:61)
    at tryGetSourcePosition (tsserver.js:115411:61)
    at tryGetSourcePosition (tsserver.js:115411:61)
    at tryGetSourcePosition (tsserver.js:115411:61)
    at tryGetSourcePosition (tsserver.js:115411:61)
    at tryGetSourcePosition (tsserver.js:115411:61)
    at tryGetSourcePosition (tsserver.js:115411:61)
    at tryGetSourcePosition (tsserver.js:115411:61)
    at tryGetSourcePosition (tsserver.js:115411:61)
    at tryGetSourcePosition (tsserver.js:115411:61)
    at tryGetSourcePosition (tsserver.js:115411:61)
    at tryGetSourcePosition (tsserver.js:115411:61)
    at tryGetSourcePosition (tsserver.js:115411:61)
    at tryGetSourcePosition (tsserver.js:115411:61)
    at tryGetSourcePosition (tsserver.js:115411:61)
    at tryGetSourcePosition (tsserver.js:115411:61)
    at tryGetSourcePosition (tsserver.js:115411:61)
    at tryGetSourcePosition (tsserver.js:115411:61)
    at tryGetSourcePosition (tsserver.js:115411:61)
    at tryGetSourcePosition (tsserver.js:115411:61)
    at tryGetSourcePosition (tsserver.js:115411:61)
    at tryGetSourcePosition (tsserver.js:115411:61)
    at tryGetSourcePosition (tsserver.js:115411:61)
    at tryGetSourcePosition (tsserver.js:115411:61)
    at tryGetSourcePosition (tsserver.js:115411:61)
    at tryGetSourcePosition (tsserver.js:115411:61)
    at tryGetSourcePosition (tsserver.js:115411:61)
    at tryGetSourcePosition (tsserver.js:115411:61)
    at tryGetSourcePosition (tsserver.js:115411:61)
    at tryGetSourcePosition (tsserver.js:115411:61)
    at tryGetSourcePosition (tsserver.js:115411:61)
    at tryGetSourcePosition (tsserver.js:115411:61)
    at tryGetSourcePosition (tsserver.js:115411:61)
    at tryGetSourcePosition (tsserver.js:115411:61)
    at tryGetSourcePosition (tsserver.js:115411:61)
    at tryGetSourcePosition (tsserver.js:115411:61)
    at tryGetSourcePosition (tsserver.js:115411:61)
    at tryGetSourcePosition (tsserver.js:115411:61)
    at tryGetSourcePosition (tsserver.js:115411:61)
    at tryGetSourcePosition (tsserver.js:115411:61)
    at tryGetSourcePosition (tsserver.js:115411:61)
    at tryGetSourcePosition (tsserver.js:115411:61)
    at tryGetSourcePosition (tsserver.js:115411:61)
    at tryGetSourcePosition (tsserver.js:115411:61)
    at tryGetSourcePosition (tsserver.js:115411:61)
    at tryGetSourcePosition (tsserver.js:115411:61)
    at tryGetSourcePosition (tsserver.js:115411:61)
    at tryGetSourcePosition (tsserver.js:115411:61)
    at tryGetSourcePosition (tsserver.js:115411:61)
    at tryGetSourcePosition (tsserver.js:115411:61)
    at tryGetSourcePosition (tsserver.js:115411:61)
    at tryGetSourcePosition (tsserver.js:115411:61)
    at tryGetSourcePosition (tsserver.js:115411:61)
    at tryGetSourcePosition (tsserver.js:115411:61)
    at tryGetSourcePosition (tsserver.js:115411:61)
    at tryGetSourcePosition (tsserver.js:115411:61)
    at tryGetSourcePosition (tsserver.js:115411:61)
    at tryGetSourcePosition (tsserver.js:115411:61)
    at tryGetSourcePosition (tsserver.js:115411:61)
    at tryGetSourcePosition (tsserver.js:115411:61)
    at tryGetSourcePosition (tsserver.js:115411:61)
    at tryGetSourcePosition (tsserver.js:115411:61)
    at tryGetSourcePosition (tsserver.js:115411:61)
    at tryGetSourcePosition (tsserver.js:115411:61)
    at tryGetSourcePosition (tsserver.js:115411:61)
	at Function.create (/usr/share/code/resources/app/extensions/typescript-language-features/dist/extension.js:1:49149)
	at h.dispatchResponse (/usr/share/code/resources/app/extensions/typescript-language-features/dist/extension.js:1:213785)
	at h.dispatchMessage (/usr/share/code/resources/app/extensions/typescript-language-features/dist/extension.js:1:212703)
	at /usr/share/code/resources/app/extensions/typescript-language-features/dist/extension.js:1:212179
	at l.fire (/usr/share/code/resources/app/out/vs/workbench/services/extensions/node/extensionHostProcess.js:48:541)
	at t.Reader.onLengthData (/usr/share/code/resources/app/extensions/typescript-language-features/dist/extension.js:1:219256)
	at Socket.<anonymous> (/usr/share/code/resources/app/extensions/typescript-language-features/dist/extension.js:1:218904)
	at Socket.emit (events.js:200:13)
	at addChunk (_stream_readable.js:294:12)
	at readableAddChunk (_stream_readable.js:275:11)
	at Socket.Readable.push (_stream_readable.js:210:10)
	at Pipe.onStreamRead (internal/stream_base_commons.js:166:17)
[2020-04-04 10:25:04.656] [exthost] [error] [vscode.typescript-language-features] provider FAILED
[2020-04-04 10:25:04.656] [exthost] [error] Error: DisposableStore is missing...
	at F._convertCompletionItem (/usr/share/code/resources/app/out/vs/workbench/services/extensions/node/extensionHostProcess.js:589:986)
	at /usr/share/code/resources/app/out/vs/workbench/services/extensions/node/extensionHostProcess.js:589:764
[2020-04-04 10:25:46.927] [exthost] [error] [vscode.typescript-language-features] provider FAILED
[2020-04-04 10:25:46.927] [exthost] [error] Error: DisposableStore is missing...
	at F._convertCompletionItem (/usr/share/code/resources/app/out/vs/workbench/services/extensions/node/extensionHostProcess.js:589:986)
	at /usr/share/code/resources/app/out/vs/workbench/services/extensions/node/extensionHostProcess.js:589:764
[2020-04-04 10:57:27.565] [exthost] [error] [vscode.typescript-language-features] provider FAILED
[2020-04-04 10:57:27.566] [exthost] [error] Error: <semantic> TypeScript Server Error (3.7.5)
Maximum call stack size exceeded
RangeError: Maximum call stack size exceeded
    at String.replace (<anonymous>)
    at normalizeSlashes (tsserver.js:5897:21)
    at combinePaths (tsserver.js:5958:28)
    at getPathComponents (tsserver.js:5872:16)
    at normalizePath (tsserver.js:6006:73)
    at Object.toPath (tsserver.js:6021:15)
    at toPath (tsserver.js:115386:23)
    at getDocumentPositionMapper (tsserver.js:115389:24)
    at tryGetSourcePosition (tsserver.js:115410:26)
    at tryGetSourcePosition (tsserver.js:115411:61)
    at tryGetSourcePosition (tsserver.js:115411:61)
    at tryGetSourcePosition (tsserver.js:115411:61)
    at tryGetSourcePosition (tsserver.js:115411:61)
    at tryGetSourcePosition (tsserver.js:115411:61)
    at tryGetSourcePosition (tsserver.js:115411:61)
    at tryGetSourcePosition (tsserver.js:115411:61)
    at tryGetSourcePosition (tsserver.js:115411:61)
    at tryGetSourcePosition (tsserver.js:115411:61)
    at tryGetSourcePosition (tsserver.js:115411:61)
    at tryGetSourcePosition (tsserver.js:115411:61)
    at tryGetSourcePosition (tsserver.js:115411:61)
    at tryGetSourcePosition (tsserver.js:115411:61)
    at tryGetSourcePosition (tsserver.js:115411:61)
    at tryGetSourcePosition (tsserver.js:115411:61)
    at tryGetSourcePosition (tsserver.js:115411:61)
    at tryGetSourcePosition (tsserver.js:115411:61)
    at tryGetSourcePosition (tsserver.js:115411:61)
    at tryGetSourcePosition (tsserver.js:115411:61)
    at tryGetSourcePosition (tsserver.js:115411:61)
    at tryGetSourcePosition (tsserver.js:115411:61)
    at tryGetSourcePosition (tsserver.js:115411:61)
    at tryGetSourcePosition (tsserver.js:115411:61)
    at tryGetSourcePosition (tsserver.js:115411:61)
    at tryGetSourcePosition (tsserver.js:115411:61)
    at tryGetSourcePosition (tsserver.js:115411:61)
    at tryGetSourcePosition (tsserver.js:115411:61)
    at tryGetSourcePosition (tsserver.js:115411:61)
    at tryGetSourcePosition (tsserver.js:115411:61)
    at tryGetSourcePosition (tsserver.js:115411:61)
    at tryGetSourcePosition (tsserver.js:115411:61)
    at tryGetSourcePosition (tsserver.js:115411:61)
    at tryGetSourcePosition (tsserver.js:115411:61)
    at tryGetSourcePosition (tsserver.js:115411:61)
    at tryGetSourcePosition (tsserver.js:115411:61)
    at tryGetSourcePosition (tsserver.js:115411:61)
    at tryGetSourcePosition (tsserver.js:115411:61)
    at tryGetSourcePosition (tsserver.js:115411:61)
    at tryGetSourcePosition (tsserver.js:115411:61)
    at tryGetSourcePosition (tsserver.js:115411:61)
    at tryGetSourcePosition (tsserver.js:115411:61)
    at tryGetSourcePosition (tsserver.js:115411:61)
    at tryGetSourcePosition (tsserver.js:115411:61)
    at tryGetSourcePosition (tsserver.js:115411:61)
    at tryGetSourcePosition (tsserver.js:115411:61)
    at tryGetSourcePosition (tsserver.js:115411:61)
    at tryGetSourcePosition (tsserver.js:115411:61)
    at tryGetSourcePosition (tsserver.js:115411:61)
    at tryGetSourcePosition (tsserver.js:115411:61)
    at tryGetSourcePosition (tsserver.js:115411:61)
    at tryGetSourcePosition (tsserver.js:115411:61)
    at tryGetSourcePosition (tsserver.js:115411:61)
    at tryGetSourcePosition (tsserver.js:115411:61)
    at tryGetSourcePosition (tsserver.js:115411:61)
    at tryGetSourcePosition (tsserver.js:115411:61)
    at tryGetSourcePosition (tsserver.js:115411:61)
    at tryGetSourcePosition (tsserver.js:115411:61)
    at tryGetSourcePosition (tsserver.js:115411:61)
    at tryGetSourcePosition (tsserver.js:115411:61)
    at tryGetSourcePosition (tsserver.js:115411:61)
    at tryGetSourcePosition (tsserver.js:115411:61)
    at tryGetSourcePosition (tsserver.js:115411:61)
    at tryGetSourcePosition (tsserver.js:115411:61)
    at tryGetSourcePosition (tsserver.js:115411:61)
    at tryGetSourcePosition (tsserver.js:115411:61)
    at tryGetSourcePosition (tsserver.js:115411:61)
    at tryGetSourcePosition (tsserver.js:115411:61)
    at tryGetSourcePosition (tsserver.js:115411:61)
    at tryGetSourcePosition (tsserver.js:115411:61)
    at tryGetSourcePosition (tsserver.js:115411:61)
    at tryGetSourcePosition (tsserver.js:115411:61)
    at tryGetSourcePosition (tsserver.js:115411:61)
    at tryGetSourcePosition (tsserver.js:115411:61)
    at tryGetSourcePosition (tsserver.js:115411:61)
    at tryGetSourcePosition (tsserver.js:115411:61)
    at tryGetSourcePosition (tsserver.js:115411:61)
    at tryGetSourcePosition (tsserver.js:115411:61)
    at tryGetSourcePosition (tsserver.js:115411:61)
    at tryGetSourcePosition (tsserver.js:115411:61)
    at tryGetSourcePosition (tsserver.js:115411:61)
    at tryGetSourcePosition (tsserver.js:115411:61)
    at tryGetSourcePosition (tsserver.js:115411:61)
    at tryGetSourcePosition (tsserver.js:115411:61)
    at tryGetSourcePosition (tsserver.js:115411:61)
    at tryGetSourcePosition (tsserver.js:115411:61)
    at tryGetSourcePosition (tsserver.js:115411:61)
    at tryGetSourcePosition (tsserver.js:115411:61)
    at tryGetSourcePosition (tsserver.js:115411:61)
    at tryGetSourcePosition (tsserver.js:115411:61)
    at tryGetSourcePosition (tsserver.js:115411:61)
    at tryGetSourcePosition (tsserver.js:115411:61)
	at Function.create (/usr/share/code/resources/app/extensions/typescript-language-features/dist/extension.js:1:49149)
	at h.dispatchResponse (/usr/share/code/resources/app/extensions/typescript-language-features/dist/extension.js:1:213785)
	at h.dispatchMessage (/usr/share/code/resources/app/extensions/typescript-language-features/dist/extension.js:1:212703)
	at /usr/share/code/resources/app/extensions/typescript-language-features/dist/extension.js:1:212179
	at l.fire (/usr/share/code/resources/app/out/vs/workbench/services/extensions/node/extensionHostProcess.js:48:541)
	at t.Reader.onLengthData (/usr/share/code/resources/app/extensions/typescript-language-features/dist/extension.js:1:219256)
	at Socket.<anonymous> (/usr/share/code/resources/app/extensions/typescript-language-features/dist/extension.js:1:218904)
	at Socket.emit (events.js:200:13)
	at addChunk (_stream_readable.js:294:12)
	at readableAddChunk (_stream_readable.js:275:11)
	at Socket.Readable.push (_stream_readable.js:210:10)
	at Pipe.onStreamRead (internal/stream_base_commons.js:166:17)
[2020-04-04 11:03:43.476] [exthost] [error] [vscode.typescript-language-features] provider FAILED
[2020-04-04 11:03:43.476] [exthost] [error] Error: DisposableStore is missing...
	at F._convertCompletionItem (/usr/share/code/resources/app/out/vs/workbench/services/extensions/node/extensionHostProcess.js:589:986)
	at /usr/share/code/resources/app/out/vs/workbench/services/extensions/node/extensionHostProcess.js:589:764
[2020-04-04 11:06:02.485] [exthost] [error] [vscode.typescript-language-features] provider FAILED
[2020-04-04 11:06:02.486] [exthost] [error] Error: DisposableStore is missing...
	at F._convertCompletionItem (/usr/share/code/resources/app/out/vs/workbench/services/extensions/node/extensionHostProcess.js:589:986)
	at /usr/share/code/resources/app/out/vs/workbench/services/extensions/node/extensionHostProcess.js:589:764
[2020-04-04 11:06:13.428] [exthost] [error] [vscode.typescript-language-features] provider FAILED
[2020-04-04 11:06:13.428] [exthost] [error] Error: DisposableStore is missing...
	at F._convertCompletionItem (/usr/share/code/resources/app/out/vs/workbench/services/extensions/node/extensionHostProcess.js:589:986)
	at /usr/share/code/resources/app/out/vs/workbench/services/extensions/node/extensionHostProcess.js:589:764
[2020-04-04 11:09:21.652] [exthost] [error] [vscode.typescript-language-features] provider FAILED
[2020-04-04 11:09:21.653] [exthost] [error] Error: DisposableStore is missing...
	at F._convertCompletionItem (/usr/share/code/resources/app/out/vs/workbench/services/extensions/node/extensionHostProcess.js:589:986)
	at /usr/share/code/resources/app/out/vs/workbench/services/extensions/node/extensionHostProcess.js:589:764
[2020-04-04 11:12:03.743] [exthost] [warning] INVALID text edit -> must have at least a label
[2020-04-04 11:13:55.359] [exthost] [error] [vscode.typescript-language-features] provider FAILED
[2020-04-04 11:13:55.360] [exthost] [error] Error: DisposableStore is missing...
	at F._convertCompletionItem (/usr/share/code/resources/app/out/vs/workbench/services/extensions/node/extensionHostProcess.js:589:986)
	at /usr/share/code/resources/app/out/vs/workbench/services/extensions/node/extensionHostProcess.js:589:764
[2020-04-04 11:15:53.081] [exthost] [error] [vscode.typescript-language-features] provider FAILED
[2020-04-04 11:15:53.081] [exthost] [error] Error: DisposableStore is missing...
	at F._convertCompletionItem (/usr/share/code/resources/app/out/vs/workbench/services/extensions/node/extensionHostProcess.js:589:986)
	at /usr/share/code/resources/app/out/vs/workbench/services/extensions/node/extensionHostProcess.js:589:764
