Looking for git in: git
Using git 2.7.4 from git
> git rev-parse --show-toplevel
> git rev-parse --git-dir
Open repository: /home/hcalderon/Documents/Angular/hoteleria
> git status -z -u
> git symbolic-ref --short HEAD
> git rev-parse master
> git rev-parse --symbolic-full-name master@{u}
fatal: no upstream configured for branch 'master'
> git for-each-ref --format %(refname) %(objectname) --sort -committerdate
> git remote --verbose
> git config --get commit.template
> git check-ignore -v -z --stdin
> git check-ignore -v -z --stdin
> git check-ignore -v -z --stdin
> git check-ignore -v -z --stdin
> git check-ignore -v -z --stdin
> git check-ignore -v -z --stdin
> git check-ignore -v -z --stdin
> git show :src/app/shared/servicios/hotel.service.spec.ts
> git ls-files --stage -- /home/hcalderon/Documents/Angular/hoteleria/src/app/shared/servicios/hotel.service.spec.ts
> git cat-file -s bd3facf93712297aae9a7ef9c26012afb0bb6992
> git show :src/app/shared/servicios/habitacionservicio.service.ts
> git ls-files --stage -- /home/hcalderon/Documents/Angular/hoteleria/src/app/shared/servicios/habitacionservicio.service.ts
> git cat-file -s c9fde7f5bf3fe8d6433c6b021ded14ff76518c05
> git status -z -u
> git symbolic-ref --short HEAD
> git rev-parse master
> git rev-parse --symbolic-full-name master@{u}
fatal: no upstream configured for branch 'master'
> git for-each-ref --format %(refname) %(objectname) --sort -committerdate
> git remote --verbose
> git config --get commit.template
> git ls-files --stage -- /home/hcalderon/Documents/Angular/hoteleria/src/app/shared/servicios/habitacionservicio.service.ts
> git cat-file -s c9fde7f5bf3fe8d6433c6b021ded14ff76518c05
> git show :src/app/shared/servicios/habitacionservicio.service.ts
> git status -z -u
> git symbolic-ref --short HEAD
> git rev-parse master
> git rev-parse --symbolic-full-name master@{u}
fatal: no upstream configured for branch 'master'
> git for-each-ref --format %(refname) %(objectname) --sort -committerdate
> git remote --verbose
> git config --get commit.template
> git status -z -u
> git symbolic-ref --short HEAD
> git rev-parse master
> git rev-parse --symbolic-full-name master@{u}
fatal: no upstream configured for branch 'master'
> git for-each-ref --format %(refname) %(objectname) --sort -committerdate
> git remote --verbose
> git config --get commit.template
> git show :src/app/admin/habitacionservicio/listar-habitacionservicio/listar-habitacionservicio.component.ts
> git ls-files --stage -- /home/hcalderon/Documents/Angular/hoteleria/src/app/admin/habitacionservicio/listar-habitacionservicio/listar-habitacionservicio.component.ts
> git cat-file -s 596ce2774d35d5b77b8f24f6125b93dde73449da
> git check-ignore -v -z --stdin
> git check-ignore -v -z --stdin
> git show :src/app/shared/interfaces/ihabitacionservicio.ts
> git ls-files --stage -- /home/hcalderon/Documents/Angular/hoteleria/src/app/shared/interfaces/ihabitacionservicio.ts
> git cat-file -s 242726973aa8003193cdaf23c520c029ce8eda22
> git status -z -u
> git symbolic-ref --short HEAD
> git rev-parse master
> git rev-parse --symbolic-full-name master@{u}
fatal: no upstream configured for branch 'master'
> git for-each-ref --format %(refname) %(objectname) --sort -committerdate
> git remote --verbose
> git check-ignore -v -z --stdin
> git config --get commit.template
> git show :src/app/shared/interfaces/iviewhabitacionservicio.ts
> git ls-files --stage -- /home/hcalderon/Documents/Angular/hoteleria/src/app/shared/interfaces/iviewhabitacionservicio.ts
> git show :src/app/admin/habitacionservicio/listar-habitacionservicio/listar-habitacionservicio.component.ts
> git ls-files --stage -- /home/hcalderon/Documents/Angular/hoteleria/src/app/admin/habitacionservicio/listar-habitacionservicio/listar-habitacionservicio.component.ts
> git cat-file -s 596ce2774d35d5b77b8f24f6125b93dde73449da
> git show :src/app/shared/interfaces/iviewhabitacionservicio.ts
> git ls-files --stage -- /home/hcalderon/Documents/Angular/hoteleria/src/app/shared/interfaces/iviewhabitacionservicio.ts
> git show :src/app/admin/habitacionservicio/listar-habitacionservicio/listar-habitacionservicio.component.ts
> git ls-files --stage -- /home/hcalderon/Documents/Angular/hoteleria/src/app/admin/habitacionservicio/listar-habitacionservicio/listar-habitacionservicio.component.ts
> git cat-file -s 596ce2774d35d5b77b8f24f6125b93dde73449da
> git status -z -u
> git symbolic-ref --short HEAD
> git rev-parse master
> git rev-parse --symbolic-full-name master@{u}
fatal: no upstream configured for branch 'master'
> git for-each-ref --format %(refname) %(objectname) --sort -committerdate
> git remote --verbose
> git config --get commit.template
> git show :src/app/shared/servicios/habitacionservicio.service.ts
> git ls-files --stage -- /home/hcalderon/Documents/Angular/hoteleria/src/app/shared/servicios/habitacionservicio.service.ts
> git cat-file -s c9fde7f5bf3fe8d6433c6b021ded14ff76518c05
> git show :src/app/shared/servicios/hotel.service.ts
> git ls-files --stage -- /home/hcalderon/Documents/Angular/hoteleria/src/app/shared/servicios/hotel.service.ts
> git cat-file -s 5c5558e11d576d8817bd7f9c5f626a8f1d52de05
> git show :src/app/shared/servicios/habitacionservicio.service.ts
> git ls-files --stage -- /home/hcalderon/Documents/Angular/hoteleria/src/app/shared/servicios/habitacionservicio.service.ts
> git cat-file -s c9fde7f5bf3fe8d6433c6b021ded14ff76518c05
> git status -z -u
> git symbolic-ref --short HEAD
> git rev-parse master
> git rev-parse --symbolic-full-name master@{u}
fatal: no upstream configured for branch 'master'
> git for-each-ref --format %(refname) %(objectname) --sort -committerdate
> git remote --verbose
> git config --get commit.template
> git show :src/app/admin/habitacionservicio/listar-habitacionservicio/listar-habitacionservicio.component.ts
> git ls-files --stage -- /home/hcalderon/Documents/Angular/hoteleria/src/app/admin/habitacionservicio/listar-habitacionservicio/listar-habitacionservicio.component.ts
> git cat-file -s 596ce2774d35d5b77b8f24f6125b93dde73449da
> git show :src/app/admin/habitacionservicio/listar-habitacionservicio/listar-habitacionservicio.component.html
> git ls-files --stage -- /home/hcalderon/Documents/Angular/hoteleria/src/app/admin/habitacionservicio/listar-habitacionservicio/listar-habitacionservicio.component.html
> git cat-file -s 331f68cdfef3a8dacc57ffa26497890b3ec1a294
> git status -z -u
> git symbolic-ref --short HEAD
> git rev-parse master
> git rev-parse --symbolic-full-name master@{u}
fatal: no upstream configured for branch 'master'
> git for-each-ref --format %(refname) %(objectname) --sort -committerdate
> git remote --verbose
> git config --get commit.template
> git show :src/app/shared/servicios/habitacionservicio.service.ts
> git ls-files --stage -- /home/hcalderon/Documents/Angular/hoteleria/src/app/shared/servicios/habitacionservicio.service.ts
> git cat-file -s c9fde7f5bf3fe8d6433c6b021ded14ff76518c05
> git check-ignore -v -z --stdin
> git status -z -u
> git symbolic-ref --short HEAD
> git rev-parse master
> git rev-parse --symbolic-full-name master@{u}
fatal: no upstream configured for branch 'master'
> git for-each-ref --format %(refname) %(objectname) --sort -committerdate
> git remote --verbose
> git config --get commit.template
> git status -z -u
> git symbolic-ref --short HEAD
> git rev-parse master
> git rev-parse --symbolic-full-name master@{u}
fatal: no upstream configured for branch 'master'
> git for-each-ref --format %(refname) %(objectname) --sort -committerdate
> git remote --verbose
> git config --get commit.template
> git status -z -u
> git symbolic-ref --short HEAD
> git rev-parse master
> git rev-parse --symbolic-full-name master@{u}
fatal: no upstream configured for branch 'master'
> git for-each-ref --format %(refname) %(objectname) --sort -committerdate
> git remote --verbose
> git config --get commit.template
> git check-ignore -v -z --stdin
> git check-ignore -v -z --stdin
