Looking for git in: git
Using git 2.7.4 from git
> git rev-parse --show-toplevel
> git rev-parse --git-dir
Open repository: /home/hcalderon/Documents/Angular/hoteleria
> git status -z -u
> git check-ignore -v -z --stdin
> git check-ignore -v -z --stdin
> git check-ignore -v -z --stdin
> git symbolic-ref --short HEAD
> git rev-parse master
> git rev-parse --symbolic-full-name master@{u}
fatal: no upstream configured for branch 'master'
> git for-each-ref --format %(refname) %(objectname) --sort -committerdate
> git remote --verbose
> git config --get commit.template
> git check-ignore -v -z --stdin
> git check-ignore -v -z --stdin
> git check-ignore -v -z --stdin
> git show :src/app/admin/habitacion/crear-habitacion/crear-habitacion.component.ts
> git ls-files --stage -- /home/hcalderon/Documents/Angular/hoteleria/src/app/admin/habitacion/crear-habitacion/crear-habitacion.component.ts
> git cat-file -s 545f645ef591ac9b07baa2ed2b6c0502e85bf4e4
> git status -z -u
> git symbolic-ref --short HEAD
> git rev-parse master
> git rev-parse --symbolic-full-name master@{u}
fatal: no upstream configured for branch 'master'
> git for-each-ref --format %(refname) %(objectname) --sort -committerdate
> git remote --verbose
> git config --get commit.template
> git status -z -u
> git symbolic-ref --short HEAD
> git rev-parse master
> git rev-parse --symbolic-full-name master@{u}
fatal: no upstream configured for branch 'master'
> git for-each-ref --format %(refname) %(objectname) --sort -committerdate
> git remote --verbose
> git config --get commit.template
> git status -z -u
> git symbolic-ref --short HEAD
> git rev-parse master
> git rev-parse --symbolic-full-name master@{u}
fatal: no upstream configured for branch 'master'
> git for-each-ref --format %(refname) %(objectname) --sort -committerdate
> git remote --verbose
> git config --get commit.template
> git status -z -u
> git symbolic-ref --short HEAD
> git rev-parse master
> git rev-parse --symbolic-full-name master@{u}
fatal: no upstream configured for branch 'master'
> git for-each-ref --format %(refname) %(objectname) --sort -committerdate
> git remote --verbose
> git config --get commit.template
> git status -z -u
> git symbolic-ref --short HEAD
> git rev-parse master
> git rev-parse --symbolic-full-name master@{u}
fatal: no upstream configured for branch 'master'
> git for-each-ref --format %(refname) %(objectname) --sort -committerdate
> git remote --verbose
> git config --get commit.template
> git rev-parse --show-toplevel
> git rev-parse --git-dir
Open repository: /home/hcalderon/Documents/LoopBack/api-hotel
> git status -z -u
> git status -z -u
> git symbolic-ref --short HEAD
> git rev-parse master
> git rev-parse --symbolic-full-name master@{u}
fatal: no upstream configured for branch 'master'
> git for-each-ref --format %(refname) %(objectname) --sort -committerdate
> git remote --verbose
> git config --get commit.template
> git check-ignore -v -z --stdin
> git symbolic-ref --short HEAD
> git rev-parse master
> git rev-parse --symbolic-full-name master@{u}
fatal: no upstream configured for branch 'master'
> git for-each-ref --format %(refname) %(objectname) --sort -committerdate
> git remote --verbose
> git config --get commit.template
> git status -z -u
> git symbolic-ref --short HEAD
> git rev-parse master
> git rev-parse --symbolic-full-name master@{u}
fatal: no upstream configured for branch 'master'
> git for-each-ref --format %(refname) %(objectname) --sort -committerdate
> git remote --verbose
> git config --get commit.template
> git check-ignore -v -z --stdin
> git check-ignore -v -z --stdin
> git check-ignore -v -z --stdin
> git check-ignore -v -z --stdin
> git check-ignore -v -z --stdin
> git check-ignore -v -z --stdin
> git check-ignore -v -z --stdin
> git show :src/models/habitacionservicio.model.ts
> git ls-files --stage -- /home/hcalderon/Documents/LoopBack/api-hotel/src/models/habitacionservicio.model.ts
> git cat-file -s 11d7a44de016b4771de6c39291ee28b0170eed22
> git show :src/models/habitacioninventario.model.ts
> git ls-files --stage -- /home/hcalderon/Documents/LoopBack/api-hotel/src/models/habitacioninventario.model.ts
> git cat-file -s 06da6ca394bce2c71f0d66b11bfd12f826554245
> git show :src/models/objetohabitacion.model.ts
> git ls-files --stage -- /home/hcalderon/Documents/LoopBack/api-hotel/src/models/objetohabitacion.model.ts
> git cat-file -s f3d00babf1df0cd59af6c92ded3ec8cb350892f7
> git show :src/models/objetoservicio.model.ts
> git ls-files --stage -- /home/hcalderon/Documents/LoopBack/api-hotel/src/models/objetoservicio.model.ts
> git check-ignore -v -z --stdin
> git show :src/controllers/habitacion.controller.ts
> git ls-files --stage -- /home/hcalderon/Documents/LoopBack/api-hotel/src/controllers/habitacion.controller.ts
> git cat-file -s b8392b33c63d0696e5d3d7e067d34b2339e72ca4
> git show :src/models/objetoservicio.model.ts
> git ls-files --stage -- /home/hcalderon/Documents/LoopBack/api-hotel/src/models/objetoservicio.model.ts
> git show :src/controllers/habitacion.controller.ts
> git ls-files --stage -- /home/hcalderon/Documents/LoopBack/api-hotel/src/controllers/habitacion.controller.ts
> git cat-file -s b8392b33c63d0696e5d3d7e067d34b2339e72ca4
> git check-ignore -v -z --stdin
> git show :src/models/objetoservicio.model.ts
> git ls-files --stage -- /home/hcalderon/Documents/LoopBack/api-hotel/src/models/objetoservicio.model.ts
> git show :src/controllers/habitacion.controller.ts
> git ls-files --stage -- /home/hcalderon/Documents/LoopBack/api-hotel/src/controllers/habitacion.controller.ts
> git cat-file -s b8392b33c63d0696e5d3d7e067d34b2339e72ca4
> git check-ignore -v -z --stdin
> git show :src/models/objetoinventario.model.ts
> git ls-files --stage -- /home/hcalderon/Documents/LoopBack/api-hotel/src/models/objetoinventario.model.ts
> git show :src/controllers/habitacion.controller.ts
> git ls-files --stage -- /home/hcalderon/Documents/LoopBack/api-hotel/src/controllers/habitacion.controller.ts
> git cat-file -s b8392b33c63d0696e5d3d7e067d34b2339e72ca4
> git show :src/models/objetoservicio.model.ts
> git ls-files --stage -- /home/hcalderon/Documents/LoopBack/api-hotel/src/models/objetoservicio.model.ts
> git show :src/controllers/habitacion.controller.ts
> git ls-files --stage -- /home/hcalderon/Documents/LoopBack/api-hotel/src/controllers/habitacion.controller.ts
> git cat-file -s b8392b33c63d0696e5d3d7e067d34b2339e72ca4
> git show :src/models/objetohabitacion.model.ts
> git ls-files --stage -- /home/hcalderon/Documents/LoopBack/api-hotel/src/models/objetohabitacion.model.ts
> git cat-file -s f3d00babf1df0cd59af6c92ded3ec8cb350892f7
> git show :src/controllers/habitacion.controller.ts
> git ls-files --stage -- /home/hcalderon/Documents/LoopBack/api-hotel/src/controllers/habitacion.controller.ts
> git cat-file -s b8392b33c63d0696e5d3d7e067d34b2339e72ca4
> git show :src/models/inventario.model.ts
> git ls-files --stage -- /home/hcalderon/Documents/LoopBack/api-hotel/src/models/inventario.model.ts
> git cat-file -s 10db2c4b80bcc3bcaf90c4afbd2dfe246bc8edf6
> git show :src/models/index.ts
> git ls-files --stage -- /home/hcalderon/Documents/LoopBack/api-hotel/src/models/index.ts
> git cat-file -s 32fcfc6c246086c608e8ee49d591cb46fd9dd9a8
> git check-ignore -v -z --stdin
> git check-ignore -v -z --stdin
> git check-ignore -v -z --stdin
> git check-ignore -v -z --stdin
> git check-ignore -v -z --stdin
> git check-ignore -v -z --stdin
> git check-ignore -v -z --stdin
> git show :src/app/shared/interfaces/iservicio.ts
> git ls-files --stage -- /home/hcalderon/Documents/Angular/hoteleria/src/app/shared/interfaces/iservicio.ts
> git cat-file -s 261797e5cf17607df2daee8c7d5bb9823625852c
> git show :src/app/shared/interfaces/iviewinventario.ts
> git ls-files --stage -- /home/hcalderon/Documents/Angular/hoteleria/src/app/shared/interfaces/iviewinventario.ts
> git cat-file -s bd10d3a598c2f8e90a1d41fa6d99456d94b10648
> git show :src/app/shared/interfaces/iservicio.ts
> git ls-files --stage -- /home/hcalderon/Documents/Angular/hoteleria/src/app/shared/interfaces/iservicio.ts
> git cat-file -s 261797e5cf17607df2daee8c7d5bb9823625852c
> git show :src/app/admin/habitacion/crear-habitacion/crear-habitacion.component.html
> git ls-files --stage -- /home/hcalderon/Documents/Angular/hoteleria/src/app/admin/habitacion/crear-habitacion/crear-habitacion.component.html
> git cat-file -s 3548417400db59b617be45e772826ba6d6acf78f
> git show :src/app/admin/habitacion/crear-habitacion/crear-habitacion.component.ts
> git ls-files --stage -- /home/hcalderon/Documents/Angular/hoteleria/src/app/admin/habitacion/crear-habitacion/crear-habitacion.component.ts
> git cat-file -s 545f645ef591ac9b07baa2ed2b6c0502e85bf4e4
> git check-ignore -v -z --stdin
> git check-ignore -v -z --stdin
> git show :src/app/admin/compras/listar-compras/listar-compras.component.html
> git ls-files --stage -- /home/hcalderon/Documents/Angular/hoteleria/src/app/admin/compras/listar-compras/listar-compras.component.html
> git cat-file -s b51b921c25194e4b67a238e7957d568b5d11dcaa
> git check-ignore -v -z --stdin
> git show :src/app/admin/habitacion/crear-habitacion/crear-habitacion.component.html
> git ls-files --stage -- /home/hcalderon/Documents/Angular/hoteleria/src/app/admin/habitacion/crear-habitacion/crear-habitacion.component.html
> git cat-file -s 3548417400db59b617be45e772826ba6d6acf78f
> git show :src/app/admin/habitacion/crear-habitacion/crear-habitacion.component.ts
> git ls-files --stage -- /home/hcalderon/Documents/Angular/hoteleria/src/app/admin/habitacion/crear-habitacion/crear-habitacion.component.ts
> git cat-file -s 545f645ef591ac9b07baa2ed2b6c0502e85bf4e4
> git check-ignore -v -z --stdin
> git check-ignore -v -z --stdin
> git check-ignore -v -z --stdin
> git show :src/app/shared/servicios/habitacionservicio.service.ts
> git ls-files --stage -- /home/hcalderon/Documents/Angular/hoteleria/src/app/shared/servicios/habitacionservicio.service.ts
> git cat-file -s 8a2d4945a340abb8a63622d20350a2b8d3b7e778
> git show :src/app/shared/servicios/habitacion.service.ts
> git ls-files --stage -- /home/hcalderon/Documents/Angular/hoteleria/src/app/shared/servicios/habitacion.service.ts
> git cat-file -s 4484866e068bf38a45c0c3ffe948828f87b23a3e
> git show :src/app/admin/habitacion/crear-habitacion/crear-habitacion.component.ts
> git ls-files --stage -- /home/hcalderon/Documents/Angular/hoteleria/src/app/admin/habitacion/crear-habitacion/crear-habitacion.component.ts
> git cat-file -s 545f645ef591ac9b07baa2ed2b6c0502e85bf4e4
> git show :src/app/shared/servicios/habitacion.service.ts
> git ls-files --stage -- /home/hcalderon/Documents/Angular/hoteleria/src/app/shared/servicios/habitacion.service.ts
> git cat-file -s 4484866e068bf38a45c0c3ffe948828f87b23a3e
> git check-ignore -v -z --stdin
> git show :src/app/shared/interfaces/ihabitacion.ts
> git ls-files --stage -- /home/hcalderon/Documents/Angular/hoteleria/src/app/shared/interfaces/ihabitacion.ts
> git cat-file -s 9027f32fd75b6ca0d57bb9468862147891cf0be1
> git show :src/app/shared/servicios/habitacion.service.ts
> git ls-files --stage -- /home/hcalderon/Documents/Angular/hoteleria/src/app/shared/servicios/habitacion.service.ts
> git cat-file -s 4484866e068bf38a45c0c3ffe948828f87b23a3e
> git show :src/app/shared/interfaces/ihabitacion.ts
> git ls-files --stage -- /home/hcalderon/Documents/Angular/hoteleria/src/app/shared/interfaces/ihabitacion.ts
> git cat-file -s 9027f32fd75b6ca0d57bb9468862147891cf0be1
> git show :src/controllers/habitacion.controller.ts
> git ls-files --stage -- /home/hcalderon/Documents/LoopBack/api-hotel/src/controllers/habitacion.controller.ts
> git cat-file -s b8392b33c63d0696e5d3d7e067d34b2339e72ca4
> git show :src/app/shared/servicios/habitacion.service.ts
> git ls-files --stage -- /home/hcalderon/Documents/Angular/hoteleria/src/app/shared/servicios/habitacion.service.ts
> git cat-file -s 4484866e068bf38a45c0c3ffe948828f87b23a3e
> git show :src/controllers/habitacion.controller.ts
> git ls-files --stage -- /home/hcalderon/Documents/LoopBack/api-hotel/src/controllers/habitacion.controller.ts
> git cat-file -s b8392b33c63d0696e5d3d7e067d34b2339e72ca4
> git show :src/models/objetohabitacion.model.ts
> git ls-files --stage -- /home/hcalderon/Documents/LoopBack/api-hotel/src/models/objetohabitacion.model.ts
> git cat-file -s f3d00babf1df0cd59af6c92ded3ec8cb350892f7
> git show :src/controllers/habitacion.controller.ts
> git ls-files --stage -- /home/hcalderon/Documents/LoopBack/api-hotel/src/controllers/habitacion.controller.ts
> git cat-file -s b8392b33c63d0696e5d3d7e067d34b2339e72ca4
> git show :src/models/habitacioninventario.model.ts
> git ls-files --stage -- /home/hcalderon/Documents/LoopBack/api-hotel/src/models/habitacioninventario.model.ts
> git cat-file -s 06da6ca394bce2c71f0d66b11bfd12f826554245
> git show :src/controllers/habitacion.controller.ts
> git ls-files --stage -- /home/hcalderon/Documents/LoopBack/api-hotel/src/controllers/habitacion.controller.ts
> git cat-file -s b8392b33c63d0696e5d3d7e067d34b2339e72ca4
> git show :src/controllers/habitacion.controller.ts
> git ls-files --stage -- /home/hcalderon/Documents/LoopBack/api-hotel/src/controllers/habitacion.controller.ts
> git cat-file -s b8392b33c63d0696e5d3d7e067d34b2339e72ca4
> git show :src/app/admin/habitacion/crear-habitacion/crear-habitacion.component.ts
> git ls-files --stage -- /home/hcalderon/Documents/Angular/hoteleria/src/app/admin/habitacion/crear-habitacion/crear-habitacion.component.ts
> git cat-file -s 545f645ef591ac9b07baa2ed2b6c0502e85bf4e4
> git show :src/app/shared/servicios/habitacion.service.ts
> git ls-files --stage -- /home/hcalderon/Documents/Angular/hoteleria/src/app/shared/servicios/habitacion.service.ts
> git cat-file -s 4484866e068bf38a45c0c3ffe948828f87b23a3e
> git show :src/app/admin/habitacion/crear-habitacion/crear-habitacion.component.ts
> git ls-files --stage -- /home/hcalderon/Documents/Angular/hoteleria/src/app/admin/habitacion/crear-habitacion/crear-habitacion.component.ts
> git cat-file -s 545f645ef591ac9b07baa2ed2b6c0502e85bf4e4
> git show :src/app/shared/servicios/habitacion.service.ts
> git ls-files --stage -- /home/hcalderon/Documents/Angular/hoteleria/src/app/shared/servicios/habitacion.service.ts
> git cat-file -s 4484866e068bf38a45c0c3ffe948828f87b23a3e
> git show :src/app/admin/habitacion/crear-habitacion/crear-habitacion.component.ts
> git ls-files --stage -- /home/hcalderon/Documents/Angular/hoteleria/src/app/admin/habitacion/crear-habitacion/crear-habitacion.component.ts
> git cat-file -s 545f645ef591ac9b07baa2ed2b6c0502e85bf4e4
> git show :src/app/shared/servicios/habitacion.service.ts
> git ls-files --stage -- /home/hcalderon/Documents/Angular/hoteleria/src/app/shared/servicios/habitacion.service.ts
> git cat-file -s 4484866e068bf38a45c0c3ffe948828f87b23a3e
> git show :src/app/admin/habitacion/crear-habitacion/crear-habitacion.component.ts
> git ls-files --stage -- /home/hcalderon/Documents/Angular/hoteleria/src/app/admin/habitacion/crear-habitacion/crear-habitacion.component.ts
> git cat-file -s 545f645ef591ac9b07baa2ed2b6c0502e85bf4e4
> git show :src/app/shared/servicios/habitacion.service.ts
> git ls-files --stage -- /home/hcalderon/Documents/Angular/hoteleria/src/app/shared/servicios/habitacion.service.ts
> git cat-file -s 4484866e068bf38a45c0c3ffe948828f87b23a3e
> git show :src/app/admin/habitacion/crear-habitacion/crear-habitacion.component.ts
> git ls-files --stage -- /home/hcalderon/Documents/Angular/hoteleria/src/app/admin/habitacion/crear-habitacion/crear-habitacion.component.ts
> git cat-file -s 545f645ef591ac9b07baa2ed2b6c0502e85bf4e4
> git show :src/app/shared/interfaces/iinventario.ts
> git ls-files --stage -- /home/hcalderon/Documents/Angular/hoteleria/src/app/shared/interfaces/iinventario.ts
> git cat-file -s 11ea61f96909b8093bf014336a940da1430037b5
> git show :src/app/admin/habitacion/crear-habitacion/crear-habitacion.component.ts
> git ls-files --stage -- /home/hcalderon/Documents/Angular/hoteleria/src/app/admin/habitacion/crear-habitacion/crear-habitacion.component.ts
> git cat-file -s 545f645ef591ac9b07baa2ed2b6c0502e85bf4e4
> git show :src/app/shared/interfaces/iviewinventario.ts
> git ls-files --stage -- /home/hcalderon/Documents/Angular/hoteleria/src/app/shared/interfaces/iviewinventario.ts
> git cat-file -s bd10d3a598c2f8e90a1d41fa6d99456d94b10648
> git show :src/app/admin/habitacion/crear-habitacion/crear-habitacion.component.ts
> git ls-files --stage -- /home/hcalderon/Documents/Angular/hoteleria/src/app/admin/habitacion/crear-habitacion/crear-habitacion.component.ts
> git cat-file -s 545f645ef591ac9b07baa2ed2b6c0502e85bf4e4
> git show :src/app/admin/habitacion/crear-habitacion/crear-habitacion.component.html
> git ls-files --stage -- /home/hcalderon/Documents/Angular/hoteleria/src/app/admin/habitacion/crear-habitacion/crear-habitacion.component.html
> git cat-file -s 3548417400db59b617be45e772826ba6d6acf78f
> git show :src/app/admin/habitacion/crear-habitacion/crear-habitacion.component.ts
> git ls-files --stage -- /home/hcalderon/Documents/Angular/hoteleria/src/app/admin/habitacion/crear-habitacion/crear-habitacion.component.ts
> git cat-file -s 545f645ef591ac9b07baa2ed2b6c0502e85bf4e4
> git show :src/controllers/habitacionservicio.controller.ts
> git ls-files --stage -- /home/hcalderon/Documents/LoopBack/api-hotel/src/controllers/habitacionservicio.controller.ts
> git cat-file -s ae21e251c08598f32314503461b14a6cd92610d0
> git show :src/controllers/habitacioninventario.controller.ts
> git ls-files --stage -- /home/hcalderon/Documents/LoopBack/api-hotel/src/controllers/habitacioninventario.controller.ts
> git cat-file -s 0d63a240eb32a8f6b28707c93ba17c1271615e0a
> git show :src/controllers/habitacionservicio.controller.ts
> git ls-files --stage -- /home/hcalderon/Documents/LoopBack/api-hotel/src/controllers/habitacionservicio.controller.ts
> git cat-file -s ae21e251c08598f32314503461b14a6cd92610d0
> git show :src/controllers/habitacioninventario.controller.ts
> git ls-files --stage -- /home/hcalderon/Documents/LoopBack/api-hotel/src/controllers/habitacioninventario.controller.ts
> git cat-file -s 0d63a240eb32a8f6b28707c93ba17c1271615e0a
> git show :src/controllers/habitacionservicio.controller.ts
> git ls-files --stage -- /home/hcalderon/Documents/LoopBack/api-hotel/src/controllers/habitacionservicio.controller.ts
> git cat-file -s ae21e251c08598f32314503461b14a6cd92610d0
> git show :src/models/inventario.model.ts
> git ls-files --stage -- /home/hcalderon/Documents/LoopBack/api-hotel/src/models/inventario.model.ts
> git cat-file -s 10db2c4b80bcc3bcaf90c4afbd2dfe246bc8edf6
> git show :src/controllers/inventario.controller.ts
> git ls-files --stage -- /home/hcalderon/Documents/LoopBack/api-hotel/src/controllers/inventario.controller.ts
> git cat-file -s 5bc5a755bcdf3eedfc04795810166820b0615be4
> git show :src/models/inventario.model.ts
> git ls-files --stage -- /home/hcalderon/Documents/LoopBack/api-hotel/src/models/inventario.model.ts
> git cat-file -s 10db2c4b80bcc3bcaf90c4afbd2dfe246bc8edf6
> git show :src/app/admin/compras/listar-compras/listar-compras.component.ts
> git ls-files --stage -- /home/hcalderon/Documents/Angular/hoteleria/src/app/admin/compras/listar-compras/listar-compras.component.ts
> git cat-file -s b119a1eefd09db3c28b13c3e79e271182d2a18dc
> git check-ignore -v -z --stdin
> git check-ignore -v -z --stdin
> git show :src/app/admin/inventario/crear-inventario/crear-inventario.component.ts
> git ls-files --stage -- /home/hcalderon/Documents/Angular/hoteleria/src/app/admin/inventario/crear-inventario/crear-inventario.component.ts
> git cat-file -s efbf150230d109597ddbc07d476887dfb0d25d44
> git show :src/controllers/habitacion.controller.ts
> git ls-files --stage -- /home/hcalderon/Documents/LoopBack/api-hotel/src/controllers/habitacion.controller.ts
> git cat-file -s b8392b33c63d0696e5d3d7e067d34b2339e72ca4
> git show :src/models/inventario.model.ts
> git ls-files --stage -- /home/hcalderon/Documents/LoopBack/api-hotel/src/models/inventario.model.ts
> git cat-file -s 10db2c4b80bcc3bcaf90c4afbd2dfe246bc8edf6
> git show :src/controllers/habitacion.controller.ts
> git ls-files --stage -- /home/hcalderon/Documents/LoopBack/api-hotel/src/controllers/habitacion.controller.ts
> git cat-file -s b8392b33c63d0696e5d3d7e067d34b2339e72ca4
