[2020-03-03 18:29:26.466] [exthost] [info] extension host started
[2020-03-03 18:29:26.510] [exthost] [info] ExtensionService#_doActivateExtension vscode.debug-auto-launch {"startup":true,"extensionId":{"value":"vscode.debug-auto-launch","_lower":"vscode.debug-auto-launch"},"activationEvent":"*"}
[2020-03-03 18:29:26.510] [exthost] [info] ExtensionService#loadCommonJSModule file:///usr/share/code/resources/app/extensions/debug-auto-launch/dist/extension
[2020-03-03 18:29:26.511] [exthost] [info] ExtensionService#_doActivateExtension vscode.emmet {"startup":true,"extensionId":{"value":"vscode.emmet","_lower":"vscode.emmet"},"activationEvent":"*"}
[2020-03-03 18:29:26.512] [exthost] [info] ExtensionService#loadCommonJSModule file:///usr/share/code/resources/app/extensions/emmet/dist/extension
[2020-03-03 18:29:26.523] [exthost] [info] ExtensionService#_doActivateExtension vscode.git {"startup":true,"extensionId":{"value":"vscode.git","_lower":"vscode.git"},"activationEvent":"*"}
[2020-03-03 18:29:26.524] [exthost] [info] ExtensionService#loadCommonJSModule file:///usr/share/code/resources/app/extensions/git/dist/main
[2020-03-03 18:29:26.536] [exthost] [info] ExtensionService#_doActivateExtension vscode.merge-conflict {"startup":true,"extensionId":{"value":"vscode.merge-conflict","_lower":"vscode.merge-conflict"},"activationEvent":"*"}
[2020-03-03 18:29:26.536] [exthost] [info] ExtensionService#loadCommonJSModule file:///usr/share/code/resources/app/extensions/merge-conflict/dist/extension
[2020-03-03 18:29:26.537] [exthost] [info] ExtensionService#_doActivateExtension vscode.search-result {"startup":true,"extensionId":{"value":"vscode.search-result","_lower":"vscode.search-result"},"activationEvent":"*"}
[2020-03-03 18:29:26.537] [exthost] [info] ExtensionService#loadCommonJSModule file:///usr/share/code/resources/app/extensions/search-result/dist/extension.js
[2020-03-03 18:29:26.538] [exthost] [info] ExtensionService#_doActivateExtension dbaeumer.vscode-eslint {"startup":true,"extensionId":{"value":"dbaeumer.vscode-eslint","_lower":"dbaeumer.vscode-eslint"},"activationEvent":"*"}
[2020-03-03 18:29:26.538] [exthost] [info] ExtensionService#loadCommonJSModule file:///home/hcalderon/.vscode/extensions/dbaeumer.vscode-eslint-2.1.1/client/out/extension
[2020-03-03 18:29:26.564] [exthost] [info] ExtensionService#_doActivateExtension vscode.npm {"startup":true,"extensionId":{"value":"vscode.npm","_lower":"vscode.npm"},"activationEvent":"workspaceContains:package.json"}
[2020-03-03 18:29:26.564] [exthost] [info] ExtensionService#loadCommonJSModule file:///usr/share/code/resources/app/extensions/npm/dist/main
[2020-03-03 18:29:26.975] [exthost] [info] eager extensions activated
[2020-03-03 18:37:17.748] [exthost] [info] ExtensionService#_doActivateExtension vscode.html-language-features {"startup":false,"extensionId":{"value":"vscode.html-language-features","_lower":"vscode.html-language-features"},"activationEvent":"onLanguage:html"}
[2020-03-03 18:37:17.748] [exthost] [info] ExtensionService#loadCommonJSModule file:///usr/share/code/resources/app/extensions/html-language-features/client/dist/htmlMain
[2020-03-03 18:42:08.960] [exthost] [info] ExtensionService#_doActivateExtension vscode.extension-editing {"startup":false,"extensionId":{"value":"vscode.extension-editing","_lower":"vscode.extension-editing"},"activationEvent":"onLanguage:typescript"}
[2020-03-03 18:42:08.961] [exthost] [info] ExtensionService#loadCommonJSModule file:///usr/share/code/resources/app/extensions/extension-editing/dist/extension
[2020-03-03 18:42:09.110] [exthost] [info] ExtensionService#_doActivateExtension vscode.typescript-language-features {"startup":false,"extensionId":{"value":"vscode.typescript-language-features","_lower":"vscode.typescript-language-features"},"activationEvent":"onLanguage:typescript"}
[2020-03-03 18:42:09.110] [exthost] [info] ExtensionService#loadCommonJSModule file:///usr/share/code/resources/app/extensions/typescript-language-features/dist/extension
[2020-03-03 18:42:31.947] [exthost] [info] ExtensionService#_doActivateExtension vscode.configuration-editing {"startup":false,"extensionId":{"value":"vscode.configuration-editing","_lower":"vscode.configuration-editing"},"activationEvent":"onLanguage:jsonc"}
[2020-03-03 18:42:31.947] [exthost] [info] ExtensionService#loadCommonJSModule file:///usr/share/code/resources/app/extensions/configuration-editing/dist/extension
[2020-03-03 18:42:31.957] [exthost] [info] ExtensionService#_doActivateExtension vscode.json-language-features {"startup":false,"extensionId":{"value":"vscode.json-language-features","_lower":"vscode.json-language-features"},"activationEvent":"onLanguage:jsonc"}
[2020-03-03 18:42:31.957] [exthost] [info] ExtensionService#loadCommonJSModule file:///usr/share/code/resources/app/extensions/json-language-features/client/dist/jsonMain
[2020-03-03 18:48:05.315] [exthost] [error] [vscode.typescript-language-features] provider FAILED
[2020-03-03 18:48:05.318] [exthost] [error] Error: <semantic> TypeScript Server Error (3.7.3)
Maximum call stack size exceeded
RangeError: Maximum call stack size exceeded
    at String.replace (<anonymous>)
    at normalizeSlashes (tsserver.js:5897:21)
    at combinePaths (tsserver.js:5958:28)
    at getPathComponents (tsserver.js:5872:16)
    at normalizePath (tsserver.js:6006:73)
    at Object.toPath (tsserver.js:6021:15)
    at toPath (tsserver.js:115355:23)
    at getDocumentPositionMapper (tsserver.js:115358:24)
    at tryGetSourcePosition (tsserver.js:115379:26)
    at tryGetSourcePosition (tsserver.js:115380:61)
    at tryGetSourcePosition (tsserver.js:115380:61)
    at tryGetSourcePosition (tsserver.js:115380:61)
    at tryGetSourcePosition (tsserver.js:115380:61)
    at tryGetSourcePosition (tsserver.js:115380:61)
    at tryGetSourcePosition (tsserver.js:115380:61)
    at tryGetSourcePosition (tsserver.js:115380:61)
    at tryGetSourcePosition (tsserver.js:115380:61)
    at tryGetSourcePosition (tsserver.js:115380:61)
    at tryGetSourcePosition (tsserver.js:115380:61)
    at tryGetSourcePosition (tsserver.js:115380:61)
    at tryGetSourcePosition (tsserver.js:115380:61)
    at tryGetSourcePosition (tsserver.js:115380:61)
    at tryGetSourcePosition (tsserver.js:115380:61)
    at tryGetSourcePosition (tsserver.js:115380:61)
    at tryGetSourcePosition (tsserver.js:115380:61)
    at tryGetSourcePosition (tsserver.js:115380:61)
    at tryGetSourcePosition (tsserver.js:115380:61)
    at tryGetSourcePosition (tsserver.js:115380:61)
    at tryGetSourcePosition (tsserver.js:115380:61)
    at tryGetSourcePosition (tsserver.js:115380:61)
    at tryGetSourcePosition (tsserver.js:115380:61)
    at tryGetSourcePosition (tsserver.js:115380:61)
    at tryGetSourcePosition (tsserver.js:115380:61)
    at tryGetSourcePosition (tsserver.js:115380:61)
    at tryGetSourcePosition (tsserver.js:115380:61)
    at tryGetSourcePosition (tsserver.js:115380:61)
    at tryGetSourcePosition (tsserver.js:115380:61)
    at tryGetSourcePosition (tsserver.js:115380:61)
    at tryGetSourcePosition (tsserver.js:115380:61)
    at tryGetSourcePosition (tsserver.js:115380:61)
    at tryGetSourcePosition (tsserver.js:115380:61)
    at tryGetSourcePosition (tsserver.js:115380:61)
    at tryGetSourcePosition (tsserver.js:115380:61)
    at tryGetSourcePosition (tsserver.js:115380:61)
    at tryGetSourcePosition (tsserver.js:115380:61)
    at tryGetSourcePosition (tsserver.js:115380:61)
    at tryGetSourcePosition (tsserver.js:115380:61)
    at tryGetSourcePosition (tsserver.js:115380:61)
    at tryGetSourcePosition (tsserver.js:115380:61)
    at tryGetSourcePosition (tsserver.js:115380:61)
    at tryGetSourcePosition (tsserver.js:115380:61)
    at tryGetSourcePosition (tsserver.js:115380:61)
    at tryGetSourcePosition (tsserver.js:115380:61)
    at tryGetSourcePosition (tsserver.js:115380:61)
    at tryGetSourcePosition (tsserver.js:115380:61)
    at tryGetSourcePosition (tsserver.js:115380:61)
    at tryGetSourcePosition (tsserver.js:115380:61)
    at tryGetSourcePosition (tsserver.js:115380:61)
    at tryGetSourcePosition (tsserver.js:115380:61)
    at tryGetSourcePosition (tsserver.js:115380:61)
    at tryGetSourcePosition (tsserver.js:115380:61)
    at tryGetSourcePosition (tsserver.js:115380:61)
    at tryGetSourcePosition (tsserver.js:115380:61)
    at tryGetSourcePosition (tsserver.js:115380:61)
    at tryGetSourcePosition (tsserver.js:115380:61)
    at tryGetSourcePosition (tsserver.js:115380:61)
    at tryGetSourcePosition (tsserver.js:115380:61)
    at tryGetSourcePosition (tsserver.js:115380:61)
    at tryGetSourcePosition (tsserver.js:115380:61)
    at tryGetSourcePosition (tsserver.js:115380:61)
    at tryGetSourcePosition (tsserver.js:115380:61)
    at tryGetSourcePosition (tsserver.js:115380:61)
    at tryGetSourcePosition (tsserver.js:115380:61)
    at tryGetSourcePosition (tsserver.js:115380:61)
    at tryGetSourcePosition (tsserver.js:115380:61)
    at tryGetSourcePosition (tsserver.js:115380:61)
    at tryGetSourcePosition (tsserver.js:115380:61)
    at tryGetSourcePosition (tsserver.js:115380:61)
    at tryGetSourcePosition (tsserver.js:115380:61)
    at tryGetSourcePosition (tsserver.js:115380:61)
    at tryGetSourcePosition (tsserver.js:115380:61)
    at tryGetSourcePosition (tsserver.js:115380:61)
    at tryGetSourcePosition (tsserver.js:115380:61)
    at tryGetSourcePosition (tsserver.js:115380:61)
    at tryGetSourcePosition (tsserver.js:115380:61)
    at tryGetSourcePosition (tsserver.js:115380:61)
    at tryGetSourcePosition (tsserver.js:115380:61)
    at tryGetSourcePosition (tsserver.js:115380:61)
    at tryGetSourcePosition (tsserver.js:115380:61)
    at tryGetSourcePosition (tsserver.js:115380:61)
    at tryGetSourcePosition (tsserver.js:115380:61)
    at tryGetSourcePosition (tsserver.js:115380:61)
    at tryGetSourcePosition (tsserver.js:115380:61)
    at tryGetSourcePosition (tsserver.js:115380:61)
    at tryGetSourcePosition (tsserver.js:115380:61)
    at tryGetSourcePosition (tsserver.js:115380:61)
    at tryGetSourcePosition (tsserver.js:115380:61)
    at tryGetSourcePosition (tsserver.js:115380:61)
    at tryGetSourcePosition (tsserver.js:115380:61)
    at tryGetSourcePosition (tsserver.js:115380:61)
	at Function.create (/usr/share/code/resources/app/extensions/typescript-language-features/dist/extension.js:1:47388)
	at h.dispatchResponse (/usr/share/code/resources/app/extensions/typescript-language-features/dist/extension.js:1:206557)
	at h.dispatchMessage (/usr/share/code/resources/app/extensions/typescript-language-features/dist/extension.js:1:205455)
	at /usr/share/code/resources/app/extensions/typescript-language-features/dist/extension.js:1:204931
	at l.fire (/usr/share/code/resources/app/out/vs/workbench/services/extensions/node/extensionHostProcess.js:46:893)
	at t.Reader.onLengthData (/usr/share/code/resources/app/extensions/typescript-language-features/dist/extension.js:1:212021)
	at Socket.<anonymous> (/usr/share/code/resources/app/extensions/typescript-language-features/dist/extension.js:1:211669)
	at Socket.emit (events.js:200:13)
	at addChunk (_stream_readable.js:294:12)
	at readableAddChunk (_stream_readable.js:275:11)
	at Socket.Readable.push (_stream_readable.js:210:10)
	at Pipe.onStreamRead (internal/stream_base_commons.js:166:17)
[2020-03-03 18:48:05.481] [exthost] [error] [vscode.typescript-language-features] provider FAILED
[2020-03-03 18:48:05.481] [exthost] [error] Error: <semantic> TypeScript Server Error (3.7.3)
Maximum call stack size exceeded
RangeError: Maximum call stack size exceeded
    at String.replace (<anonymous>)
    at normalizeSlashes (tsserver.js:5897:21)
    at combinePaths (tsserver.js:5958:28)
    at getPathComponents (tsserver.js:5872:16)
    at normalizePath (tsserver.js:6006:73)
    at Object.toPath (tsserver.js:6021:15)
    at toPath (tsserver.js:115355:23)
    at getSourceFile (tsserver.js:115407:24)
    at tryGetSourcePosition (tsserver.js:115376:24)
    at tryGetSourcePosition (tsserver.js:115380:61)
    at tryGetSourcePosition (tsserver.js:115380:61)
    at tryGetSourcePosition (tsserver.js:115380:61)
    at tryGetSourcePosition (tsserver.js:115380:61)
    at tryGetSourcePosition (tsserver.js:115380:61)
    at tryGetSourcePosition (tsserver.js:115380:61)
    at tryGetSourcePosition (tsserver.js:115380:61)
    at tryGetSourcePosition (tsserver.js:115380:61)
    at tryGetSourcePosition (tsserver.js:115380:61)
    at tryGetSourcePosition (tsserver.js:115380:61)
    at tryGetSourcePosition (tsserver.js:115380:61)
    at tryGetSourcePosition (tsserver.js:115380:61)
    at tryGetSourcePosition (tsserver.js:115380:61)
    at tryGetSourcePosition (tsserver.js:115380:61)
    at tryGetSourcePosition (tsserver.js:115380:61)
    at tryGetSourcePosition (tsserver.js:115380:61)
    at tryGetSourcePosition (tsserver.js:115380:61)
    at tryGetSourcePosition (tsserver.js:115380:61)
    at tryGetSourcePosition (tsserver.js:115380:61)
    at tryGetSourcePosition (tsserver.js:115380:61)
    at tryGetSourcePosition (tsserver.js:115380:61)
    at tryGetSourcePosition (tsserver.js:115380:61)
    at tryGetSourcePosition (tsserver.js:115380:61)
    at tryGetSourcePosition (tsserver.js:115380:61)
    at tryGetSourcePosition (tsserver.js:115380:61)
    at tryGetSourcePosition (tsserver.js:115380:61)
    at tryGetSourcePosition (tsserver.js:115380:61)
    at tryGetSourcePosition (tsserver.js:115380:61)
    at tryGetSourcePosition (tsserver.js:115380:61)
    at tryGetSourcePosition (tsserver.js:115380:61)
    at tryGetSourcePosition (tsserver.js:115380:61)
    at tryGetSourcePosition (tsserver.js:115380:61)
    at tryGetSourcePosition (tsserver.js:115380:61)
    at tryGetSourcePosition (tsserver.js:115380:61)
    at tryGetSourcePosition (tsserver.js:115380:61)
    at tryGetSourcePosition (tsserver.js:115380:61)
    at tryGetSourcePosition (tsserver.js:115380:61)
    at tryGetSourcePosition (tsserver.js:115380:61)
    at tryGetSourcePosition (tsserver.js:115380:61)
    at tryGetSourcePosition (tsserver.js:115380:61)
    at tryGetSourcePosition (tsserver.js:115380:61)
    at tryGetSourcePosition (tsserver.js:115380:61)
    at tryGetSourcePosition (tsserver.js:115380:61)
    at tryGetSourcePosition (tsserver.js:115380:61)
    at tryGetSourcePosition (tsserver.js:115380:61)
    at tryGetSourcePosition (tsserver.js:115380:61)
    at tryGetSourcePosition (tsserver.js:115380:61)
    at tryGetSourcePosition (tsserver.js:115380:61)
    at tryGetSourcePosition (tsserver.js:115380:61)
    at tryGetSourcePosition (tsserver.js:115380:61)
    at tryGetSourcePosition (tsserver.js:115380:61)
    at tryGetSourcePosition (tsserver.js:115380:61)
    at tryGetSourcePosition (tsserver.js:115380:61)
    at tryGetSourcePosition (tsserver.js:115380:61)
    at tryGetSourcePosition (tsserver.js:115380:61)
    at tryGetSourcePosition (tsserver.js:115380:61)
    at tryGetSourcePosition (tsserver.js:115380:61)
    at tryGetSourcePosition (tsserver.js:115380:61)
    at tryGetSourcePosition (tsserver.js:115380:61)
    at tryGetSourcePosition (tsserver.js:115380:61)
    at tryGetSourcePosition (tsserver.js:115380:61)
    at tryGetSourcePosition (tsserver.js:115380:61)
    at tryGetSourcePosition (tsserver.js:115380:61)
    at tryGetSourcePosition (tsserver.js:115380:61)
    at tryGetSourcePosition (tsserver.js:115380:61)
    at tryGetSourcePosition (tsserver.js:115380:61)
    at tryGetSourcePosition (tsserver.js:115380:61)
    at tryGetSourcePosition (tsserver.js:115380:61)
    at tryGetSourcePosition (tsserver.js:115380:61)
    at tryGetSourcePosition (tsserver.js:115380:61)
    at tryGetSourcePosition (tsserver.js:115380:61)
    at tryGetSourcePosition (tsserver.js:115380:61)
    at tryGetSourcePosition (tsserver.js:115380:61)
    at tryGetSourcePosition (tsserver.js:115380:61)
    at tryGetSourcePosition (tsserver.js:115380:61)
    at tryGetSourcePosition (tsserver.js:115380:61)
    at tryGetSourcePosition (tsserver.js:115380:61)
    at tryGetSourcePosition (tsserver.js:115380:61)
    at tryGetSourcePosition (tsserver.js:115380:61)
    at tryGetSourcePosition (tsserver.js:115380:61)
    at tryGetSourcePosition (tsserver.js:115380:61)
    at tryGetSourcePosition (tsserver.js:115380:61)
    at tryGetSourcePosition (tsserver.js:115380:61)
    at tryGetSourcePosition (tsserver.js:115380:61)
    at tryGetSourcePosition (tsserver.js:115380:61)
    at tryGetSourcePosition (tsserver.js:115380:61)
    at tryGetSourcePosition (tsserver.js:115380:61)
    at tryGetSourcePosition (tsserver.js:115380:61)
    at tryGetSourcePosition (tsserver.js:115380:61)
    at tryGetSourcePosition (tsserver.js:115380:61)
    at tryGetSourcePosition (tsserver.js:115380:61)
	at Function.create (/usr/share/code/resources/app/extensions/typescript-language-features/dist/extension.js:1:47388)
	at h.dispatchResponse (/usr/share/code/resources/app/extensions/typescript-language-features/dist/extension.js:1:206557)
	at h.dispatchMessage (/usr/share/code/resources/app/extensions/typescript-language-features/dist/extension.js:1:205455)
	at /usr/share/code/resources/app/extensions/typescript-language-features/dist/extension.js:1:204931
	at l.fire (/usr/share/code/resources/app/out/vs/workbench/services/extensions/node/extensionHostProcess.js:46:893)
	at t.Reader.onLengthData (/usr/share/code/resources/app/extensions/typescript-language-features/dist/extension.js:1:212021)
	at Socket.<anonymous> (/usr/share/code/resources/app/extensions/typescript-language-features/dist/extension.js:1:211669)
	at Socket.emit (events.js:200:13)
	at addChunk (_stream_readable.js:294:12)
	at readableAddChunk (_stream_readable.js:275:11)
	at Socket.Readable.push (_stream_readable.js:210:10)
	at Pipe.onStreamRead (internal/stream_base_commons.js:166:17)
