[2020-03-22 15:22:49.380] [exthost] [info] extension host started
[2020-03-22 15:22:49.393] [exthost] [info] ExtensionService#_doActivateExtension vscode.debug-auto-launch {"startup":true,"extensionId":{"value":"vscode.debug-auto-launch","_lower":"vscode.debug-auto-launch"},"activationEvent":"*"}
[2020-03-22 15:22:49.394] [exthost] [info] ExtensionService#loadCommonJSModule file:///usr/share/code/resources/app/extensions/debug-auto-launch/dist/extension
[2020-03-22 15:22:49.489] [exthost] [info] ExtensionService#_doActivateExtension vscode.emmet {"startup":true,"extensionId":{"value":"vscode.emmet","_lower":"vscode.emmet"},"activationEvent":"*"}
[2020-03-22 15:22:49.489] [exthost] [info] ExtensionService#loadCommonJSModule file:///usr/share/code/resources/app/extensions/emmet/dist/extension
[2020-03-22 15:22:49.619] [exthost] [info] ExtensionService#_doActivateExtension vscode.git {"startup":true,"extensionId":{"value":"vscode.git","_lower":"vscode.git"},"activationEvent":"*"}
[2020-03-22 15:22:49.619] [exthost] [info] ExtensionService#loadCommonJSModule file:///usr/share/code/resources/app/extensions/git/dist/main
[2020-03-22 15:22:49.774] [exthost] [info] ExtensionService#_doActivateExtension vscode.merge-conflict {"startup":true,"extensionId":{"value":"vscode.merge-conflict","_lower":"vscode.merge-conflict"},"activationEvent":"*"}
[2020-03-22 15:22:49.774] [exthost] [info] ExtensionService#loadCommonJSModule file:///usr/share/code/resources/app/extensions/merge-conflict/dist/extension
[2020-03-22 15:22:49.856] [exthost] [info] ExtensionService#_doActivateExtension vscode.search-result {"startup":true,"extensionId":{"value":"vscode.search-result","_lower":"vscode.search-result"},"activationEvent":"*"}
[2020-03-22 15:22:49.856] [exthost] [info] ExtensionService#loadCommonJSModule file:///usr/share/code/resources/app/extensions/search-result/dist/extension.js
[2020-03-22 15:22:49.907] [exthost] [info] ExtensionService#_doActivateExtension vscode.vscode-account {"startup":true,"extensionId":{"value":"vscode.vscode-account","_lower":"vscode.vscode-account"},"activationEvent":"*"}
[2020-03-22 15:22:49.907] [exthost] [info] ExtensionService#loadCommonJSModule file:///usr/share/code/resources/app/extensions/vscode-account/dist/extension.js
[2020-03-22 15:22:49.968] [exthost] [info] ExtensionService#_doActivateExtension dbaeumer.vscode-eslint {"startup":true,"extensionId":{"value":"dbaeumer.vscode-eslint","_lower":"dbaeumer.vscode-eslint"},"activationEvent":"*"}
[2020-03-22 15:22:49.968] [exthost] [info] ExtensionService#loadCommonJSModule file:///home/hcalderon/.vscode/extensions/dbaeumer.vscode-eslint-2.1.1/client/out/extension
[2020-03-22 15:22:50.116] [exthost] [info] ExtensionService#_doActivateExtension vscode.npm {"startup":true,"extensionId":{"value":"vscode.npm","_lower":"vscode.npm"},"activationEvent":"workspaceContains:package.json"}
[2020-03-22 15:22:50.117] [exthost] [info] ExtensionService#loadCommonJSModule file:///usr/share/code/resources/app/extensions/npm/dist/main
[2020-03-22 15:22:50.205] [exthost] [info] eager extensions activated
[2020-03-22 15:28:24.577] [exthost] [info] ExtensionService#_doActivateExtension vscode.html-language-features {"startup":false,"extensionId":{"value":"vscode.html-language-features","_lower":"vscode.html-language-features"},"activationEvent":"onLanguage:html"}
[2020-03-22 15:28:24.577] [exthost] [info] ExtensionService#loadCommonJSModule file:///usr/share/code/resources/app/extensions/html-language-features/client/dist/htmlMain
[2020-03-22 15:28:58.360] [exthost] [error] [vscode.html-language-features] provider FAILED
[2020-03-22 15:28:58.362] [exthost] [error] Error: Invalid arguments
	at new g (/usr/share/code/resources/app/out/vs/workbench/services/extensions/node/extensionHostProcess.js:372:70)
	at new g (/usr/share/code/resources/app/out/vs/workbench/services/extensions/node/extensionHostProcess.js:369:559)
	at g (/usr/share/code/resources/app/extensions/html-language-features/client/dist/htmlMain.js:1:199238)
	at /usr/share/code/resources/app/extensions/html-language-features/client/dist/htmlMain.js:1:200572
	at C (/usr/share/code/resources/app/extensions/html-language-features/client/dist/htmlMain.js:1:200758)
[2020-03-22 15:28:58.420] [exthost] [error] [vscode.html-language-features] provider FAILED
[2020-03-22 15:28:58.420] [exthost] [error] Error: Invalid arguments
	at new g (/usr/share/code/resources/app/out/vs/workbench/services/extensions/node/extensionHostProcess.js:372:70)
	at new g (/usr/share/code/resources/app/out/vs/workbench/services/extensions/node/extensionHostProcess.js:369:559)
	at g (/usr/share/code/resources/app/extensions/html-language-features/client/dist/htmlMain.js:1:199238)
	at /usr/share/code/resources/app/extensions/html-language-features/client/dist/htmlMain.js:1:200572
	at C (/usr/share/code/resources/app/extensions/html-language-features/client/dist/htmlMain.js:1:200758)
[2020-03-22 15:28:58.601] [exthost] [error] [vscode.html-language-features] provider FAILED
[2020-03-22 15:28:58.601] [exthost] [error] Error: Invalid arguments
	at new g (/usr/share/code/resources/app/out/vs/workbench/services/extensions/node/extensionHostProcess.js:372:70)
	at new g (/usr/share/code/resources/app/out/vs/workbench/services/extensions/node/extensionHostProcess.js:369:559)
	at g (/usr/share/code/resources/app/extensions/html-language-features/client/dist/htmlMain.js:1:199238)
	at /usr/share/code/resources/app/extensions/html-language-features/client/dist/htmlMain.js:1:200572
	at C (/usr/share/code/resources/app/extensions/html-language-features/client/dist/htmlMain.js:1:200758)
[2020-03-22 15:49:38.104] [exthost] [info] ExtensionService#_doActivateExtension vscode.css-language-features {"startup":false,"extensionId":{"value":"vscode.css-language-features","_lower":"vscode.css-language-features"},"activationEvent":"onLanguage:css"}
[2020-03-22 15:49:38.105] [exthost] [info] ExtensionService#loadCommonJSModule file:///usr/share/code/resources/app/extensions/css-language-features/client/dist/cssMain
[2020-03-22 16:20:58.080] [exthost] [info] ExtensionService#_doActivateExtension vscode.image-preview {"startup":false,"extensionId":{"value":"vscode.image-preview","_lower":"vscode.image-preview"},"activationEvent":"onWebviewEditor:imagePreview.previewEditor"}
[2020-03-22 16:20:58.081] [exthost] [info] ExtensionService#loadCommonJSModule file:///usr/share/code/resources/app/extensions/image-preview/dist/extension
[2020-03-22 16:23:47.400] [exthost] [info] ExtensionService#_doActivateExtension vscode.extension-editing {"startup":false,"extensionId":{"value":"vscode.extension-editing","_lower":"vscode.extension-editing"},"activationEvent":"onLanguage:typescript"}
[2020-03-22 16:23:47.400] [exthost] [info] ExtensionService#loadCommonJSModule file:///usr/share/code/resources/app/extensions/extension-editing/dist/extension
[2020-03-22 16:23:47.533] [exthost] [info] ExtensionService#_doActivateExtension vscode.typescript-language-features {"startup":false,"extensionId":{"value":"vscode.typescript-language-features","_lower":"vscode.typescript-language-features"},"activationEvent":"onLanguage:typescript"}
[2020-03-22 16:23:47.533] [exthost] [info] ExtensionService#loadCommonJSModule file:///usr/share/code/resources/app/extensions/typescript-language-features/dist/extension
[2020-03-22 16:24:08.539] [exthost] [info] ExtensionService#_doActivateExtension vscode.configuration-editing {"startup":false,"extensionId":{"value":"vscode.configuration-editing","_lower":"vscode.configuration-editing"},"activationEvent":"onLanguage:jsonc"}
[2020-03-22 16:24:08.539] [exthost] [info] ExtensionService#loadCommonJSModule file:///usr/share/code/resources/app/extensions/configuration-editing/dist/extension
[2020-03-22 16:24:08.842] [exthost] [info] ExtensionService#_doActivateExtension vscode.json-language-features {"startup":false,"extensionId":{"value":"vscode.json-language-features","_lower":"vscode.json-language-features"},"activationEvent":"onLanguage:jsonc"}
[2020-03-22 16:24:08.842] [exthost] [info] ExtensionService#loadCommonJSModule file:///usr/share/code/resources/app/extensions/json-language-features/client/dist/jsonMain
