[2020-03-26 23:23:07.939] [renderer1] [error] Error: [File Watcher (nsfw)] Inotify limit reached (ENOSPC)
[2020-03-26 23:23:07.975] [renderer1] [error] [File Watcher (nsfw)] Inotify limit reached (ENOSPC)
[2020-03-27 01:43:05.579] [renderer1] [error] <semantic> TypeScript Server Error (3.7.5)
Debug Failure. False expression: Token end is child end
Error: Debug Failure. False expression: Token end is child end
    at processChildNode (tsserver.js:118166:34)
    at processChildNodes (tsserver.js:118223:48)
    at tsserver.js:118109:21
    at visitNodes (tsserver.js:17631:24)
    at Object.forEachChild (tsserver.js:17819:21)
    at processNode (tsserver.js:118106:20)
    at formatSpanWorker (tsserver.js:117921:17)
    at tsserver.js:117885:140
    at Object.getFormattingScanner (tsserver.js:116552:23)
    at Object.formatNodeGivenIndentation (tsserver.js:117885:31)
    at getFormattedTextOfNode (tsserver.js:119969:45)
    at format (tsserver.js:119941:52)
    at computeNewText (tsserver.js:119944:23)
    at tsserver.js:119914:89
    at Array.map (<anonymous>)
    at tsserver.js:119913:50
    at Array.map (<anonymous>)
    at Object.getTextChangesFromChanges (tsserver.js:119899:86)
    at ChangeTracker.getChanges (tsserver.js:119869:45)
    at Function.ChangeTracker.with (tsserver.js:119391:32)
    at Object.getCodeActions (tsserver.js:126050:64)
    at tsserver.js:120431:121
    at Object.flatMap (tsserver.js:468:25)
    at Object.getFixes (tsserver.js:120431:23)
    at tsserver.js:131114:35
    at Object.flatMap (tsserver.js:468:25)
    at Proxy.getCodeFixesAtPosition (tsserver.js:131112:23)
    at IOSession.Session.getCodeFixes (tsserver.js:140767:64)
    at Session.handlers.ts.createMapFromTemplate._a.<computed> (tsserver.js:139552:61)
    at tsserver.js:140960:88
    at IOSession.Session.executeWithRequestId (tsserver.js:140951:28)
    at IOSession.Session.executeCommand (tsserver.js:140960:33)
    at IOSession.Session.onMessage (tsserver.js:140983:35)
    at Interface.<anonymous> (tsserver.js:142298:27)
    at Interface.emit (events.js:200:13)
    at Interface._onLine (readline.js:314:10)
    at Interface._normalWrite (readline.js:459:12)
    at Socket.ondata (readline.js:170:10)
    at Socket.emit (events.js:200:13)
    at addChunk (_stream_readable.js:294:12)
    at readableAddChunk (_stream_readable.js:275:11)
    at Socket.Readable.push (_stream_readable.js:210:10)
    at Pipe.onStreamRead (internal/stream_base_commons.js:166:17): Error: <semantic> TypeScript Server Error (3.7.5)
Debug Failure. False expression: Token end is child end
Error: Debug Failure. False expression: Token end is child end
    at processChildNode (tsserver.js:118166:34)
    at processChildNodes (tsserver.js:118223:48)
    at tsserver.js:118109:21
    at visitNodes (tsserver.js:17631:24)
    at Object.forEachChild (tsserver.js:17819:21)
    at processNode (tsserver.js:118106:20)
    at formatSpanWorker (tsserver.js:117921:17)
    at tsserver.js:117885:140
    at Object.getFormattingScanner (tsserver.js:116552:23)
    at Object.formatNodeGivenIndentation (tsserver.js:117885:31)
    at getFormattedTextOfNode (tsserver.js:119969:45)
    at format (tsserver.js:119941:52)
    at computeNewText (tsserver.js:119944:23)
    at tsserver.js:119914:89
    at Array.map (<anonymous>)
    at tsserver.js:119913:50
    at Array.map (<anonymous>)
    at Object.getTextChangesFromChanges (tsserver.js:119899:86)
    at ChangeTracker.getChanges (tsserver.js:119869:45)
    at Function.ChangeTracker.with (tsserver.js:119391:32)
    at Object.getCodeActions (tsserver.js:126050:64)
    at tsserver.js:120431:121
    at Object.flatMap (tsserver.js:468:25)
    at Object.getFixes (tsserver.js:120431:23)
    at tsserver.js:131114:35
    at Object.flatMap (tsserver.js:468:25)
    at Proxy.getCodeFixesAtPosition (tsserver.js:131112:23)
    at IOSession.Session.getCodeFixes (tsserver.js:140767:64)
    at Session.handlers.ts.createMapFromTemplate._a.<computed> (tsserver.js:139552:61)
    at tsserver.js:140960:88
    at IOSession.Session.executeWithRequestId (tsserver.js:140951:28)
    at IOSession.Session.executeCommand (tsserver.js:140960:33)
    at IOSession.Session.onMessage (tsserver.js:140983:35)
    at Interface.<anonymous> (tsserver.js:142298:27)
    at Interface.emit (events.js:200:13)
    at Interface._onLine (readline.js:314:10)
    at Interface._normalWrite (readline.js:459:12)
    at Socket.ondata (readline.js:170:10)
    at Socket.emit (events.js:200:13)
    at addChunk (_stream_readable.js:294:12)
    at readableAddChunk (_stream_readable.js:275:11)
    at Socket.Readable.push (_stream_readable.js:210:10)
    at Pipe.onStreamRead (internal/stream_base_commons.js:166:17)
	at Function.create (/usr/share/code/resources/app/extensions/typescript-language-features/dist/extension.js:1:49149)
	at h.dispatchResponse (/usr/share/code/resources/app/extensions/typescript-language-features/dist/extension.js:1:213785)
	at h.dispatchMessage (/usr/share/code/resources/app/extensions/typescript-language-features/dist/extension.js:1:212703)
	at /usr/share/code/resources/app/extensions/typescript-language-features/dist/extension.js:1:212179
	at l.fire (/usr/share/code/resources/app/out/vs/workbench/services/extensions/node/extensionHostProcess.js:48:541)
	at t.Reader.onLengthData (/usr/share/code/resources/app/extensions/typescript-language-features/dist/extension.js:1:219256)
	at Socket.<anonymous> (/usr/share/code/resources/app/extensions/typescript-language-features/dist/extension.js:1:218904)
	at Socket.emit (events.js:200:13)
	at addChunk (_stream_readable.js:294:12)
	at readableAddChunk (_stream_readable.js:275:11)
	at Socket.Readable.push (_stream_readable.js:210:10)
	at Pipe.onStreamRead (internal/stream_base_commons.js:166:17)
