[2020-03-12 18:42:14.562] [renderer1] [error] <semantic> TypeScript Server Error (3.7.5)
this.fileExistsWithCache is not a function
TypeError: this.fileExistsWithCache is not a function
    at Object.Project.fileExists (tsserver.js:134638:29)
    at Object.ConfiguredProject.fileExists (tsserver.js:135753:49)
    at tryGetModuleNameAsNodeModule (tsserver.js:99539:43)
    at tsserver.js:99360:88
    at Object.mapDefined (tsserver.js:565:30)
    at Object.getModuleSpecifiers (tsserver.js:99360:29)
    at getSpecifierForModuleSymbol (tsserver.js:37114:62)
    at tsserver.js:36980:39
    at Array.map (<anonymous>)
    at getSymbolChain (tsserver.js:36978:58)
    at lookupSymbolChainWorker (tsserver.js:36962:52)
    at lookupSymbolChain (tsserver.js:36955:24)
    at symbolToTypeNode (tsserver.js:37121:29)
    at typeReferenceToTypeNode (tsserver.js:36621:40)
    at typeToTypeNodeHelper (tsserver.js:36355:95)
    at tsserver.js:36183:106
    at withContext (tsserver.js:36228:37)
    at Object.typeToTypeNode (tsserver.js:36183:28)
    at Object.getTypeNodeIfAccessible (tsserver.js:104249:27)
    at annotate (tsserver.js:121367:31)
    at annotateVariableDeclaration (tsserver.js:121303:17)
    at doChange (tsserver.js:121233:25)
    at tsserver.js:121172:109
    at Function.ChangeTracker.with (tsserver.js:119390:17)
    at Object.getCodeActions (tsserver.js:121172:64)
    at tsserver.js:120431:121
    at Object.flatMap (tsserver.js:468:25)
    at Object.getFixes (tsserver.js:120431:23)
    at tsserver.js:131114:35
    at Object.flatMap (tsserver.js:468:25)
    at Proxy.getCodeFixesAtPosition (tsserver.js:131112:23)
    at IOSession.Session.getCodeFixes (tsserver.js:140767:64)
    at Session.handlers.ts.createMapFromTemplate._a.<computed> (tsserver.js:139552:61)
    at tsserver.js:140960:88
    at IOSession.Session.executeWithRequestId (tsserver.js:140951:28)
    at IOSession.Session.executeCommand (tsserver.js:140960:33)
    at IOSession.Session.onMessage (tsserver.js:140983:35)
    at Interface.<anonymous> (tsserver.js:142298:27)
    at Interface.emit (events.js:200:13)
    at Interface._onLine (readline.js:314:10)
    at Interface._normalWrite (readline.js:459:12)
    at Socket.ondata (readline.js:170:10)
    at Socket.emit (events.js:200:13)
    at addChunk (_stream_readable.js:294:12)
    at readableAddChunk (_stream_readable.js:275:11)
    at Socket.Readable.push (_stream_readable.js:210:10)
    at Pipe.onStreamRead (internal/stream_base_commons.js:166:17): Error: <semantic> TypeScript Server Error (3.7.5)
this.fileExistsWithCache is not a function
TypeError: this.fileExistsWithCache is not a function
    at Object.Project.fileExists (tsserver.js:134638:29)
    at Object.ConfiguredProject.fileExists (tsserver.js:135753:49)
    at tryGetModuleNameAsNodeModule (tsserver.js:99539:43)
    at tsserver.js:99360:88
    at Object.mapDefined (tsserver.js:565:30)
    at Object.getModuleSpecifiers (tsserver.js:99360:29)
    at getSpecifierForModuleSymbol (tsserver.js:37114:62)
    at tsserver.js:36980:39
    at Array.map (<anonymous>)
    at getSymbolChain (tsserver.js:36978:58)
    at lookupSymbolChainWorker (tsserver.js:36962:52)
    at lookupSymbolChain (tsserver.js:36955:24)
    at symbolToTypeNode (tsserver.js:37121:29)
    at typeReferenceToTypeNode (tsserver.js:36621:40)
    at typeToTypeNodeHelper (tsserver.js:36355:95)
    at tsserver.js:36183:106
    at withContext (tsserver.js:36228:37)
    at Object.typeToTypeNode (tsserver.js:36183:28)
    at Object.getTypeNodeIfAccessible (tsserver.js:104249:27)
    at annotate (tsserver.js:121367:31)
    at annotateVariableDeclaration (tsserver.js:121303:17)
    at doChange (tsserver.js:121233:25)
    at tsserver.js:121172:109
    at Function.ChangeTracker.with (tsserver.js:119390:17)
    at Object.getCodeActions (tsserver.js:121172:64)
    at tsserver.js:120431:121
    at Object.flatMap (tsserver.js:468:25)
    at Object.getFixes (tsserver.js:120431:23)
    at tsserver.js:131114:35
    at Object.flatMap (tsserver.js:468:25)
    at Proxy.getCodeFixesAtPosition (tsserver.js:131112:23)
    at IOSession.Session.getCodeFixes (tsserver.js:140767:64)
    at Session.handlers.ts.createMapFromTemplate._a.<computed> (tsserver.js:139552:61)
    at tsserver.js:140960:88
    at IOSession.Session.executeWithRequestId (tsserver.js:140951:28)
    at IOSession.Session.executeCommand (tsserver.js:140960:33)
    at IOSession.Session.onMessage (tsserver.js:140983:35)
    at Interface.<anonymous> (tsserver.js:142298:27)
    at Interface.emit (events.js:200:13)
    at Interface._onLine (readline.js:314:10)
    at Interface._normalWrite (readline.js:459:12)
    at Socket.ondata (readline.js:170:10)
    at Socket.emit (events.js:200:13)
    at addChunk (_stream_readable.js:294:12)
    at readableAddChunk (_stream_readable.js:275:11)
    at Socket.Readable.push (_stream_readable.js:210:10)
    at Pipe.onStreamRead (internal/stream_base_commons.js:166:17)
	at Function.create (/usr/share/code/resources/app/extensions/typescript-language-features/dist/extension.js:1:49149)
	at h.dispatchResponse (/usr/share/code/resources/app/extensions/typescript-language-features/dist/extension.js:1:213785)
	at h.dispatchMessage (/usr/share/code/resources/app/extensions/typescript-language-features/dist/extension.js:1:212703)
	at /usr/share/code/resources/app/extensions/typescript-language-features/dist/extension.js:1:212179
	at l.fire (/usr/share/code/resources/app/out/vs/workbench/services/extensions/node/extensionHostProcess.js:48:541)
	at t.Reader.onLengthData (/usr/share/code/resources/app/extensions/typescript-language-features/dist/extension.js:1:219256)
	at Socket.<anonymous> (/usr/share/code/resources/app/extensions/typescript-language-features/dist/extension.js:1:218904)
	at Socket.emit (events.js:200:13)
	at addChunk (_stream_readable.js:294:12)
	at readableAddChunk (_stream_readable.js:275:11)
	at Socket.Readable.push (_stream_readable.js:210:10)
	at Pipe.onStreamRead (internal/stream_base_commons.js:166:17)
